2004.02.22 04:06 B C:\sharad\Public_Engin_may\html\mus\3dV2.gif --> s94876453.onlinehome.us /mus 3dV2.gif
2004.02.22 04:07 B C:\sharad\Public_Engin_may\html\mus\a1.jpg --> s94876453.onlinehome.us /mus a1.jpg
2004.02.22 04:07 B C:\sharad\Public_Engin_may\html\mus\a2.jpg --> s94876453.onlinehome.us /mus a2.jpg
2004.02.22 04:07 B C:\sharad\Public_Engin_may\html\mus\a3.jpg --> s94876453.onlinehome.us /mus a3.jpg
2004.02.22 04:07 B C:\sharad\Public_Engin_may\html\mus\a4.jpg --> s94876453.onlinehome.us /mus a4.jpg
2004.02.22 04:07 B C:\sharad\Public_Engin_may\html\mus\a5.jpg --> s94876453.onlinehome.us /mus a5.jpg
2004.02.22 04:07 B C:\sharad\Public_Engin_may\html\mus\asse.gif --> s94876453.onlinehome.us /mus asse.gif
2004.02.22 04:07 B C:\sharad\Public_Engin_may\html\mus\assemb.jpg --> s94876453.onlinehome.us /mus assemb.jpg
2004.02.22 04:07 B C:\sharad\Public_Engin_may\html\mus\assembly.htm --> s94876453.onlinehome.us /mus assembly.htm
2004.02.22 04:07 B C:\sharad\Public_Engin_may\html\mus\button3b.gif --> s94876453.onlinehome.us /mus button3b.gif
2004.02.22 04:07 B C:\sharad\Public_Engin_may\html\mus\button4b.gif --> s94876453.onlinehome.us /mus button4b.gif
2004.02.22 04:07 B C:\sharad\Public_Engin_may\html\mus\button5b.gif --> s94876453.onlinehome.us /mus button5b.gif
2004.02.22 04:07 B C:\sharad\Public_Engin_may\html\mus\g1.jpg --> s94876453.onlinehome.us /mus g1.jpg
2004.02.22 04:07 B C:\sharad\Public_Engin_may\html\mus\g2.jpg --> s94876453.onlinehome.us /mus g2.jpg
2004.02.22 04:07 B C:\sharad\Public_Engin_may\html\mus\g3.jpg --> s94876453.onlinehome.us /mus g3.jpg
2004.02.22 04:07 B C:\sharad\Public_Engin_may\html\mus\g4.jpg --> s94876453.onlinehome.us /mus g4.jpg
2004.02.22 04:07 B C:\sharad\Public_Engin_may\html\mus\game.htm --> s94876453.onlinehome.us /mus game.htm
2004.02.22 04:07 B C:\sharad\Public_Engin_may\html\mus\Game.jpg --> s94876453.onlinehome.us /mus Game.jpg
2004.02.22 04:07 B C:\sharad\Public_Engin_may\html\mus\game1.jpg --> s94876453.onlinehome.us /mus game1.jpg
2004.02.22 04:07 B C:\sharad\Public_Engin_may\html\mus\ikaynar.jpg --> s94876453.onlinehome.us /mus ikaynar.jpg
2004.02.22 04:07 B C:\sharad\Public_Engin_may\html\mus\imagin2.jpg --> s94876453.onlinehome.us /mus imagin2.jpg
2004.02.22 04:08 B C:\sharad\Public_Engin_may\html\mus\imagin3.jpg --> s94876453.onlinehome.us /mus imagin3.jpg
2004.02.22 04:08 B C:\sharad\Public_Engin_may\html\mus\imaging.htm --> s94876453.onlinehome.us /mus imaging.htm
2004.02.22 04:08 B C:\sharad\Public_Engin_may\html\mus\imaging.jpg --> s94876453.onlinehome.us /mus imaging.jpg
2004.02.22 04:08 B C:\sharad\Public_Engin_may\html\mus\imaging1.jpg --> s94876453.onlinehome.us /mus imaging1.jpg
2004.02.22 04:08 B C:\sharad\Public_Engin_may\html\mus\Introd.htm --> s94876453.onlinehome.us /mus Introd.htm
2004.02.22 04:08 B C:\sharad\Public_Engin_may\html\mus\introd.jpg --> s94876453.onlinehome.us /mus introd.jpg
2004.02.22 04:08 B C:\sharad\Public_Engin_may\html\mus\kraghava.jpg --> s94876453.onlinehome.us /mus kraghava.jpg
2004.02.22 04:08 B C:\sharad\Public_Engin_may\html\mus\lathe.jpg --> s94876453.onlinehome.us /mus lathe.jpg
2004.02.22 04:08 B C:\sharad\Public_Engin_may\html\mus\m1.jpg --> s94876453.onlinehome.us /mus m1.jpg
2004.02.22 04:08 B C:\sharad\Public_Engin_may\html\mus\m2.jpg --> s94876453.onlinehome.us /mus m2.jpg
2004.02.22 04:08 B C:\sharad\Public_Engin_may\html\mus\m3.jpg --> s94876453.onlinehome.us /mus m3.jpg
2004.02.22 04:08 B C:\sharad\Public_Engin_may\html\mus\m4.jpg --> s94876453.onlinehome.us /mus m4.jpg
2004.02.22 04:08 B C:\sharad\Public_Engin_may\html\mus\mus1.jpg --> s94876453.onlinehome.us /mus mus1.jpg
2004.02.22 04:08 B C:\sharad\Public_Engin_may\html\mus\mus2.jpg --> s94876453.onlinehome.us /mus mus2.jpg
2004.02.22 04:08 B C:\sharad\Public_Engin_may\html\mus\Museum.htm --> s94876453.onlinehome.us /mus Museum.htm
2004.02.22 04:08 B C:\sharad\Public_Engin_may\html\mus\Museum_last.htm --> s94876453.onlinehome.us /mus Museum_last.htm
2004.02.22 04:09 B C:\sharad\Public_Engin_may\html\mus\okie.jpg --> s94876453.onlinehome.us /mus okie.jpg
2004.02.22 04:09 B C:\sharad\Public_Engin_may\html\mus\product.jpg --> s94876453.onlinehome.us /mus product.jpg
2004.02.22 04:09 B C:\sharad\Public_Engin_may\html\mus\Production.htm --> s94876453.onlinehome.us /mus Production.htm
2004.02.22 04:09 B C:\sharad\Public_Engin_may\html\mus\reception.jpg --> s94876453.onlinehome.us /mus reception.jpg
2004.02.22 04:09 B C:\sharad\Public_Engin_may\html\mus\robot.gif --> s94876453.onlinehome.us /mus robot.gif
2004.02.22 04:09 B C:\sharad\Public_Engin_may\html\mus\sharad.jpg --> s94876453.onlinehome.us /mus sharad.jpg
2004.02.22 04:09 B C:\sharad\Public_Engin_may\html\mus\Thumbs.db --> s94876453.onlinehome.us /mus Thumbs.db
2004.02.22 04:09 B C:\sharad\Public_Engin_may\html\mus\tilte.jpg --> s94876453.onlinehome.us /mus tilte.jpg
2004.02.22 04:09 B C:\sharad\Public_Engin_may\html\mus\welding.jpg --> s94876453.onlinehome.us /mus welding.jpg
2004.02.22 04:09 B C:\sharad\Public_Engin_may\html\mus\welding1.jpg --> s94876453.onlinehome.us /mus welding1.jpg
2005.09.20 17:15 B C:\Documents and Settings\sam\Desktop\SI\website\mus\3dV2.gif --> ftp-novell.si.umich.edu /STUDENTS/sharad/HTML/mus 3dV2.gif
2005.09.20 17:16 B C:\Documents and Settings\sam\Desktop\SI\website\mus\a1.jpg --> ftp-novell.si.umich.edu /STUDENTS/sharad/HTML/mus a1.jpg
2005.09.20 17:16 B C:\Documents and Settings\sam\Desktop\SI\website\mus\a2.jpg --> ftp-novell.si.umich.edu /STUDENTS/sharad/HTML/mus a2.jpg
2005.09.20 17:16 B C:\Documents and Settings\sam\Desktop\SI\website\mus\a3.jpg --> ftp-novell.si.umich.edu /STUDENTS/sharad/HTML/mus a3.jpg
2005.09.20 17:16 B C:\Documents and Settings\sam\Desktop\SI\website\mus\a4.jpg --> ftp-novell.si.umich.edu /STUDENTS/sharad/HTML/mus a4.jpg
2005.09.20 17:16 B C:\Documents and Settings\sam\Desktop\SI\website\mus\a5.jpg --> ftp-novell.si.umich.edu /STUDENTS/sharad/HTML/mus a5.jpg
2005.09.20 17:16 B C:\Documents and Settings\sam\Desktop\SI\website\mus\asse.gif --> ftp-novell.si.umich.edu /STUDENTS/sharad/HTML/mus asse.gif
2005.09.20 17:16 B C:\Documents and Settings\sam\Desktop\SI\website\mus\assemb.jpg --> ftp-novell.si.umich.edu /STUDENTS/sharad/HTML/mus assemb.jpg
2005.09.20 17:16 B C:\Documents and Settings\sam\Desktop\SI\website\mus\assembly.htm --> ftp-novell.si.umich.edu /STUDENTS/sharad/HTML/mus assembly.htm
2005.09.20 17:16 B C:\Documents and Settings\sam\Desktop\SI\website\mus\button3b.gif --> ftp-novell.si.umich.edu /STUDENTS/sharad/HTML/mus button3b.gif
2005.09.20 17:16 B C:\Documents and Settings\sam\Desktop\SI\website\mus\button4b.gif --> ftp-novell.si.umich.edu /STUDENTS/sharad/HTML/mus button4b.gif
2005.09.20 17:16 B C:\Documents and Settings\sam\Desktop\SI\website\mus\button5b.gif --> ftp-novell.si.umich.edu /STUDENTS/sharad/HTML/mus button5b.gif
2005.09.20 17:16 B C:\Documents and Settings\sam\Desktop\SI\website\mus\g1.jpg --> ftp-novell.si.umich.edu /STUDENTS/sharad/HTML/mus g1.jpg
2005.09.20 17:16 B C:\Documents and Settings\sam\Desktop\SI\website\mus\g2.jpg --> ftp-novell.si.umich.edu /STUDENTS/sharad/HTML/mus g2.jpg
2005.09.20 17:16 B C:\Documents and Settings\sam\Desktop\SI\website\mus\g3.jpg --> ftp-novell.si.umich.edu /STUDENTS/sharad/HTML/mus g3.jpg
2005.09.20 17:16 B C:\Documents and Settings\sam\Desktop\SI\website\mus\g4.jpg --> ftp-novell.si.umich.edu /STUDENTS/sharad/HTML/mus g4.jpg
2005.09.20 17:16 B C:\Documents and Settings\sam\Desktop\SI\website\mus\game.htm --> ftp-novell.si.umich.edu /STUDENTS/sharad/HTML/mus game.htm
2005.09.20 17:16 B C:\Documents and Settings\sam\Desktop\SI\website\mus\Game.jpg --> ftp-novell.si.umich.edu /STUDENTS/sharad/HTML/mus Game.jpg
2005.09.20 17:16 B C:\Documents and Settings\sam\Desktop\SI\website\mus\game1.jpg --> ftp-novell.si.umich.edu /STUDENTS/sharad/HTML/mus game1.jpg
2005.09.20 17:16 B C:\Documents and Settings\sam\Desktop\SI\website\mus\ikaynar.jpg --> ftp-novell.si.umich.edu /STUDENTS/sharad/HTML/mus ikaynar.jpg
2005.09.20 17:16 B C:\Documents and Settings\sam\Desktop\SI\website\mus\imagin2.jpg --> ftp-novell.si.umich.edu /STUDENTS/sharad/HTML/mus imagin2.jpg
2005.09.20 17:16 B C:\Documents and Settings\sam\Desktop\SI\website\mus\imagin3.jpg --> ftp-novell.si.umich.edu /STUDENTS/sharad/HTML/mus imagin3.jpg
2005.09.20 17:16 B C:\Documents and Settings\sam\Desktop\SI\website\mus\imaging.htm --> ftp-novell.si.umich.edu /STUDENTS/sharad/HTML/mus imaging.htm
2005.09.20 17:16 B C:\Documents and Settings\sam\Desktop\SI\website\mus\imaging.jpg --> ftp-novell.si.umich.edu /STUDENTS/sharad/HTML/mus imaging.jpg
2005.09.20 17:16 B C:\Documents and Settings\sam\Desktop\SI\website\mus\imaging1.jpg --> ftp-novell.si.umich.edu /STUDENTS/sharad/HTML/mus imaging1.jpg
2005.09.20 17:16 B C:\Documents and Settings\sam\Desktop\SI\website\mus\Introd.htm --> ftp-novell.si.umich.edu /STUDENTS/sharad/HTML/mus Introd.htm
2005.09.20 17:16 B C:\Documents and Settings\sam\Desktop\SI\website\mus\introd.jpg --> ftp-novell.si.umich.edu /STUDENTS/sharad/HTML/mus introd.jpg
2005.09.20 17:16 B C:\Documents and Settings\sam\Desktop\SI\website\mus\kraghava.jpg --> ftp-novell.si.umich.edu /STUDENTS/sharad/HTML/mus kraghava.jpg
2005.09.20 17:16 B C:\Documents and Settings\sam\Desktop\SI\website\mus\lathe.jpg --> ftp-novell.si.umich.edu /STUDENTS/sharad/HTML/mus lathe.jpg
2005.09.20 17:16 B C:\Documents and Settings\sam\Desktop\SI\website\mus\m1.jpg --> ftp-novell.si.umich.edu /STUDENTS/sharad/HTML/mus m1.jpg
2005.09.20 17:16 B C:\Documents and Settings\sam\Desktop\SI\website\mus\m2.jpg --> ftp-novell.si.umich.edu /STUDENTS/sharad/HTML/mus m2.jpg
2005.09.20 17:16 B C:\Documents and Settings\sam\Desktop\SI\website\mus\m3.jpg --> ftp-novell.si.umich.edu /STUDENTS/sharad/HTML/mus m3.jpg
2005.09.20 17:16 B C:\Documents and Settings\sam\Desktop\SI\website\mus\m4.jpg --> ftp-novell.si.umich.edu /STUDENTS/sharad/HTML/mus m4.jpg
2005.09.20 17:16 B C:\Documents and Settings\sam\Desktop\SI\website\mus\mus1.jpg --> ftp-novell.si.umich.edu /STUDENTS/sharad/HTML/mus mus1.jpg
2005.09.20 17:16 B C:\Documents and Settings\sam\Desktop\SI\website\mus\mus2.jpg --> ftp-novell.si.umich.edu /STUDENTS/sharad/HTML/mus mus2.jpg
2005.09.20 17:16 B C:\Documents and Settings\sam\Desktop\SI\website\mus\Museum.htm --> ftp-novell.si.umich.edu /STUDENTS/sharad/HTML/mus Museum.htm
2005.09.20 17:16 B C:\Documents and Settings\sam\Desktop\SI\website\mus\Museum_last.htm --> ftp-novell.si.umich.edu /STUDENTS/sharad/HTML/mus Museum_last.htm
2005.09.20 17:16 B C:\Documents and Settings\sam\Desktop\SI\website\mus\okie.jpg --> ftp-novell.si.umich.edu /STUDENTS/sharad/HTML/mus okie.jpg
2005.09.20 17:16 B C:\Documents and Settings\sam\Desktop\SI\website\mus\product.jpg --> ftp-novell.si.umich.edu /STUDENTS/sharad/HTML/mus product.jpg
2005.09.20 17:16 B C:\Documents and Settings\sam\Desktop\SI\website\mus\Production.htm --> ftp-novell.si.umich.edu /STUDENTS/sharad/HTML/mus Production.htm
2005.09.20 17:16 B C:\Documents and Settings\sam\Desktop\SI\website\mus\Project.html --> ftp-novell.si.umich.edu /STUDENTS/sharad/HTML/mus Project.html
2005.09.20 17:16 B C:\Documents and Settings\sam\Desktop\SI\website\mus\reception.jpg --> ftp-novell.si.umich.edu /STUDENTS/sharad/HTML/mus reception.jpg
2005.09.20 17:16 B C:\Documents and Settings\sam\Desktop\SI\website\mus\robot.gif --> ftp-novell.si.umich.edu /STUDENTS/sharad/HTML/mus robot.gif
2005.09.20 17:16 B C:\Documents and Settings\sam\Desktop\SI\website\mus\sharad.jpg --> ftp-novell.si.umich.edu /STUDENTS/sharad/HTML/mus sharad.jpg
2005.09.20 17:16 B C:\Documents and Settings\sam\Desktop\SI\website\mus\Thumbs.db --> ftp-novell.si.umich.edu /STUDENTS/sharad/HTML/mus Thumbs.db
2005.09.20 17:16 B C:\Documents and Settings\sam\Desktop\SI\website\mus\tilte.jpg --> ftp-novell.si.umich.edu /STUDENTS/sharad/HTML/mus tilte.jpg
2005.09.20 17:16 B C:\Documents and Settings\sam\Desktop\SI\website\mus\welding.jpg --> ftp-novell.si.umich.edu /STUDENTS/sharad/HTML/mus welding.jpg
2005.09.20 17:16 B C:\Documents and Settings\sam\Desktop\SI\website\mus\welding1.jpg --> ftp-novell.si.umich.edu /STUDENTS/sharad/HTML/mus welding1.jpg
2005.09.20 17:16 B C:\Documents and Settings\sam\Desktop\SI\website\mus\WS_FTP.LOG --> ftp-novell.si.umich.edu /STUDENTS/sharad/HTML/mus WS_FTP.LOG
2006.01.11 21:16 B C:\sharad\SI\website\mus\Introd.htm --> ftp-novell.si.umich.edu /STUDENTS/sharad/HTML/mus Introd.htm
