2004.02.22 03:44 B C:\sharad\Public_Engin_may\html\mus\Museum\16v.jpg --> s94876453.onlinehome.us /mus/Museum 16v.jpg
2004.02.22 03:44 B C:\sharad\Public_Engin_may\html\mus\Museum\1903.jpg --> s94876453.onlinehome.us /mus/Museum 1903.jpg
2004.02.22 03:44 B C:\sharad\Public_Engin_may\html\mus\Museum\1903b.png --> s94876453.onlinehome.us /mus/Museum 1903b.png
2004.02.22 03:44 B C:\sharad\Public_Engin_may\html\mus\Museum\1906.png --> s94876453.onlinehome.us /mus/Museum 1906.png
2004.02.22 03:44 B C:\sharad\Public_Engin_may\html\mus\Museum\1909.png --> s94876453.onlinehome.us /mus/Museum 1909.png
2004.02.22 03:44 B C:\sharad\Public_Engin_may\html\mus\Museum\1910.jpg --> s94876453.onlinehome.us /mus/Museum 1910.jpg
2004.02.22 03:44 B C:\sharad\Public_Engin_may\html\mus\Museum\1911.png --> s94876453.onlinehome.us /mus/Museum 1911.png
2004.02.22 03:44 B C:\sharad\Public_Engin_may\html\mus\Museum\1912a_copy.png --> s94876453.onlinehome.us /mus/Museum 1912a_copy.png
2004.02.22 03:44 B C:\sharad\Public_Engin_may\html\mus\Museum\1914a.png --> s94876453.onlinehome.us /mus/Museum 1914a.png
2004.02.22 03:44 B C:\sharad\Public_Engin_may\html\mus\Museum\1915.png --> s94876453.onlinehome.us /mus/Museum 1915.png
2004.02.22 03:45 B C:\sharad\Public_Engin_may\html\mus\Museum\1916.png --> s94876453.onlinehome.us /mus/Museum 1916.png
2004.02.22 03:45 B C:\sharad\Public_Engin_may\html\mus\Museum\1917a.png --> s94876453.onlinehome.us /mus/Museum 1917a.png
2004.02.22 03:45 B C:\sharad\Public_Engin_may\html\mus\Museum\1919.png --> s94876453.onlinehome.us /mus/Museum 1919.png
2004.02.22 03:45 B C:\sharad\Public_Engin_may\html\mus\Museum\1920.png --> s94876453.onlinehome.us /mus/Museum 1920.png
2004.02.22 03:45 B C:\sharad\Public_Engin_may\html\mus\Museum\1921.png --> s94876453.onlinehome.us /mus/Museum 1921.png
2004.02.22 03:45 B C:\sharad\Public_Engin_may\html\mus\Museum\1926.png --> s94876453.onlinehome.us /mus/Museum 1926.png
2004.02.22 03:45 B C:\sharad\Public_Engin_may\html\mus\Museum\1929.png --> s94876453.onlinehome.us /mus/Museum 1929.png
2004.02.22 03:45 B C:\sharad\Public_Engin_may\html\mus\Museum\1931.png --> s94876453.onlinehome.us /mus/Museum 1931.png
2004.02.22 03:45 B C:\sharad\Public_Engin_may\html\mus\Museum\1932c.png --> s94876453.onlinehome.us /mus/Museum 1932c.png
2004.02.22 03:45 B C:\sharad\Public_Engin_may\html\mus\Museum\1936.png --> s94876453.onlinehome.us /mus/Museum 1936.png
2004.02.22 03:45 B C:\sharad\Public_Engin_may\html\mus\Museum\1936b.png --> s94876453.onlinehome.us /mus/Museum 1936b.png
2004.02.22 03:45 B C:\sharad\Public_Engin_may\html\mus\Museum\1938a.png --> s94876453.onlinehome.us /mus/Museum 1938a.png
2004.02.22 03:45 B C:\sharad\Public_Engin_may\html\mus\Museum\1941.png --> s94876453.onlinehome.us /mus/Museum 1941.png
2004.02.22 03:46 B C:\sharad\Public_Engin_may\html\mus\Museum\1943.png --> s94876453.onlinehome.us /mus/Museum 1943.png
2004.02.22 03:46 B C:\sharad\Public_Engin_may\html\mus\Museum\1947a.png --> s94876453.onlinehome.us /mus/Museum 1947a.png
2004.02.22 03:46 B C:\sharad\Public_Engin_may\html\mus\Museum\1948.png --> s94876453.onlinehome.us /mus/Museum 1948.png
2004.02.22 03:46 B C:\sharad\Public_Engin_may\html\mus\Museum\1948b.png --> s94876453.onlinehome.us /mus/Museum 1948b.png
2004.02.22 03:46 B C:\sharad\Public_Engin_may\html\mus\Museum\1952.png --> s94876453.onlinehome.us /mus/Museum 1952.png
2004.02.22 03:46 B C:\sharad\Public_Engin_may\html\mus\Museum\1953.png --> s94876453.onlinehome.us /mus/Museum 1953.png
2004.02.22 03:46 B C:\sharad\Public_Engin_may\html\mus\Museum\1958.png --> s94876453.onlinehome.us /mus/Museum 1958.png
2004.02.22 03:46 B C:\sharad\Public_Engin_may\html\mus\Museum\1960.png --> s94876453.onlinehome.us /mus/Museum 1960.png
2004.02.22 03:46 B C:\sharad\Public_Engin_may\html\mus\Museum\1960a.png --> s94876453.onlinehome.us /mus/Museum 1960a.png
2004.02.22 03:46 B C:\sharad\Public_Engin_may\html\mus\Museum\1960b.png --> s94876453.onlinehome.us /mus/Museum 1960b.png
2004.02.22 03:47 B C:\sharad\Public_Engin_may\html\mus\Museum\1962.png --> s94876453.onlinehome.us /mus/Museum 1962.png
2004.02.22 03:47 B C:\sharad\Public_Engin_may\html\mus\Museum\1964.png --> s94876453.onlinehome.us /mus/Museum 1964.png
2004.02.22 03:47 B C:\sharad\Public_Engin_may\html\mus\Museum\1966.png --> s94876453.onlinehome.us /mus/Museum 1966.png
2004.02.22 03:47 B C:\sharad\Public_Engin_may\html\mus\Museum\1968.png --> s94876453.onlinehome.us /mus/Museum 1968.png
2004.02.22 03:47 B C:\sharad\Public_Engin_may\html\mus\Museum\1970.png --> s94876453.onlinehome.us /mus/Museum 1970.png
2004.02.22 03:47 B C:\sharad\Public_Engin_may\html\mus\Museum\1971.png --> s94876453.onlinehome.us /mus/Museum 1971.png
2004.02.22 03:47 B C:\sharad\Public_Engin_may\html\mus\Museum\1977.png --> s94876453.onlinehome.us /mus/Museum 1977.png
2004.02.22 03:47 B C:\sharad\Public_Engin_may\html\mus\Museum\1980.png --> s94876453.onlinehome.us /mus/Museum 1980.png
2004.02.22 03:47 B C:\sharad\Public_Engin_may\html\mus\Museum\1980a.png --> s94876453.onlinehome.us /mus/Museum 1980a.png
2004.02.22 03:47 B C:\sharad\Public_Engin_may\html\mus\Museum\1982.png --> s94876453.onlinehome.us /mus/Museum 1982.png
2004.02.22 03:47 B C:\sharad\Public_Engin_may\html\mus\Museum\1982b.png --> s94876453.onlinehome.us /mus/Museum 1982b.png
2004.02.22 03:47 B C:\sharad\Public_Engin_may\html\mus\Museum\1984.png --> s94876453.onlinehome.us /mus/Museum 1984.png
2004.02.22 03:47 B C:\sharad\Public_Engin_may\html\mus\Museum\1988.png --> s94876453.onlinehome.us /mus/Museum 1988.png
2004.02.22 03:48 B C:\sharad\Public_Engin_may\html\mus\Museum\1990.png --> s94876453.onlinehome.us /mus/Museum 1990.png
2004.02.22 03:48 B C:\sharad\Public_Engin_may\html\mus\Museum\1994.png --> s94876453.onlinehome.us /mus/Museum 1994.png
2004.02.22 03:48 B C:\sharad\Public_Engin_may\html\mus\Museum\1997.png --> s94876453.onlinehome.us /mus/Museum 1997.png
2004.02.22 03:48 B C:\sharad\Public_Engin_may\html\mus\Museum\1999.png --> s94876453.onlinehome.us /mus/Museum 1999.png
2004.02.22 03:48 B C:\sharad\Public_Engin_may\html\mus\Museum\2000.png --> s94876453.onlinehome.us /mus/Museum 2000.png
2004.02.22 03:48 B C:\sharad\Public_Engin_may\html\mus\Museum\2003T.png --> s94876453.onlinehome.us /mus/Museum 2003T.png
2004.02.22 03:48 B C:\sharad\Public_Engin_may\html\mus\Museum\AirBag.jpg --> s94876453.onlinehome.us /mus/Museum AirBag.jpg
2004.02.22 03:48 B C:\sharad\Public_Engin_may\html\mus\Museum\AirBag1.jpg --> s94876453.onlinehome.us /mus/Museum AirBag1.jpg
2004.02.22 03:48 B C:\sharad\Public_Engin_may\html\mus\Museum\Alumox.jpg --> s94876453.onlinehome.us /mus/Museum Alumox.jpg
2004.02.22 03:48 B C:\sharad\Public_Engin_may\html\mus\Museum\alumox2.jpg --> s94876453.onlinehome.us /mus/Museum alumox2.jpg
2004.02.22 03:48 B C:\sharad\Public_Engin_may\html\mus\Museum\ASHSEN_2.GIF --> s94876453.onlinehome.us /mus/Museum ASHSEN_2.GIF
2004.02.22 03:48 B C:\sharad\Public_Engin_may\html\mus\Museum\ASHSEN_2.jpg --> s94876453.onlinehome.us /mus/Museum ASHSEN_2.jpg
2004.02.22 03:48 B C:\sharad\Public_Engin_may\html\mus\Museum\AskKopp.jpg --> s94876453.onlinehome.us /mus/Museum AskKopp.jpg
2004.02.22 03:48 B C:\sharad\Public_Engin_may\html\mus\Museum\AskKopp1.jpg --> s94876453.onlinehome.us /mus/Museum AskKopp1.jpg
2004.02.22 03:48 B C:\sharad\Public_Engin_may\html\mus\Museum\ASPHALT2.JPG --> s94876453.onlinehome.us /mus/Museum ASPHALT2.JPG
2004.02.22 03:49 B C:\sharad\Public_Engin_may\html\mus\Museum\ASPHALT3.JPG --> s94876453.onlinehome.us /mus/Museum ASPHALT3.JPG
2004.02.22 03:49 B C:\sharad\Public_Engin_may\html\mus\Museum\assem.png --> s94876453.onlinehome.us /mus/Museum assem.png
2004.02.22 03:50 B C:\sharad\Public_Engin_may\html\mus\Museum\Assembly.WRL --> s94876453.onlinehome.us /mus/Museum Assembly.WRL
2004.02.22 03:50 B C:\sharad\Public_Engin_may\html\mus\Museum\back.jpg --> s94876453.onlinehome.us /mus/Museum back.jpg
2004.02.22 03:50 B C:\sharad\Public_Engin_may\html\mus\Museum\BackSeat.jpg --> s94876453.onlinehome.us /mus/Museum BackSeat.jpg
2004.02.22 03:50 B C:\sharad\Public_Engin_may\html\mus\Museum\BackSeat1.jpg --> s94876453.onlinehome.us /mus/Museum BackSeat1.jpg
2004.02.22 03:50 B C:\sharad\Public_Engin_may\html\mus\Museum\BakLucka.jpg --> s94876453.onlinehome.us /mus/Museum BakLucka.jpg
2004.02.22 03:50 B C:\sharad\Public_Engin_may\html\mus\Museum\body.jpg --> s94876453.onlinehome.us /mus/Museum body.jpg
2004.02.22 03:50 B C:\sharad\Public_Engin_may\html\mus\Museum\bodycover2.jpg --> s94876453.onlinehome.us /mus/Museum bodycover2.jpg
2004.02.22 03:50 B C:\sharad\Public_Engin_may\html\mus\Museum\bodythumb.jpg --> s94876453.onlinehome.us /mus/Museum bodythumb.jpg
2004.02.22 03:50 B C:\sharad\Public_Engin_may\html\mus\Museum\bonut.jpg --> s94876453.onlinehome.us /mus/Museum bonut.jpg
2004.02.22 03:51 B C:\sharad\Public_Engin_may\html\mus\Museum\bonut2.jpg --> s94876453.onlinehome.us /mus/Museum bonut2.jpg
2004.02.22 03:51 B C:\sharad\Public_Engin_may\html\mus\Museum\bravo3.jpg --> s94876453.onlinehome.us /mus/Museum bravo3.jpg
2004.02.22 03:51 B C:\sharad\Public_Engin_may\html\mus\Museum\brick.bmp --> s94876453.onlinehome.us /mus/Museum brick.bmp
2004.02.22 03:51 B C:\sharad\Public_Engin_may\html\mus\Museum\brick.jpg --> s94876453.onlinehome.us /mus/Museum brick.jpg
2004.02.22 03:51 B C:\sharad\Public_Engin_may\html\mus\Museum\BromsLampa.jpg --> s94876453.onlinehome.us /mus/Museum BromsLampa.jpg
2004.02.22 03:51 B C:\sharad\Public_Engin_may\html\mus\Museum\carHonk.wav --> s94876453.onlinehome.us /mus/Museum carHonk.wav
2004.02.22 03:51 B C:\sharad\Public_Engin_may\html\mus\Museum\CigLight.jpg --> s94876453.onlinehome.us /mus/Museum CigLight.jpg
2004.02.22 03:51 B C:\sharad\Public_Engin_may\html\mus\Museum\CigLight1.jpg --> s94876453.onlinehome.us /mus/Museum CigLight1.jpg
2004.02.22 03:51 B C:\sharad\Public_Engin_may\html\mus\Museum\cinderblock.jpg --> s94876453.onlinehome.us /mus/Museum cinderblock.jpg
2004.02.22 03:51 B C:\sharad\Public_Engin_may\html\mus\Museum\cinderblock.tif --> s94876453.onlinehome.us /mus/Museum cinderblock.tif
2004.02.22 03:51 B C:\sharad\Public_Engin_may\html\mus\Museum\cinderblock_previous.jpg --> s94876453.onlinehome.us /mus/Museum cinderblock_previous.jpg
2004.02.22 03:51 B C:\sharad\Public_Engin_may\html\mus\Museum\cldsmap.jpg --> s94876453.onlinehome.us /mus/Museum cldsmap.jpg
2004.02.22 03:51 B C:\sharad\Public_Engin_may\html\mus\Museum\clover1.jpg --> s94876453.onlinehome.us /mus/Museum clover1.jpg
2004.02.22 03:51 B C:\sharad\Public_Engin_may\html\mus\Museum\CONCGRAY.jpg --> s94876453.onlinehome.us /mus/Museum CONCGRAY.jpg
2004.02.22 03:51 B C:\sharad\Public_Engin_may\html\mus\Museum\concretefloor.jpg --> s94876453.onlinehome.us /mus/Museum concretefloor.jpg
2004.02.22 03:52 B C:\sharad\Public_Engin_may\html\mus\Museum\concretefloor.tif --> s94876453.onlinehome.us /mus/Museum concretefloor.tif
2004.02.22 03:52 B C:\sharad\Public_Engin_may\html\mus\Museum\DoorBack.jpg --> s94876453.onlinehome.us /mus/Museum DoorBack.jpg
2004.02.22 03:52 B C:\sharad\Public_Engin_may\html\mus\Museum\DoorFron.jpg --> s94876453.onlinehome.us /mus/Museum DoorFron.jpg
2004.02.22 03:52 B C:\sharad\Public_Engin_may\html\mus\Museum\drive.jpg --> s94876453.onlinehome.us /mus/Museum drive.jpg
2004.02.22 03:52 B C:\sharad\Public_Engin_may\html\mus\Museum\enginethumb.jpg --> s94876453.onlinehome.us /mus/Museum enginethumb.jpg
2004.02.22 03:52 B C:\sharad\Public_Engin_may\html\mus\Museum\enginetop.jpg --> s94876453.onlinehome.us /mus/Museum enginetop.jpg
2004.02.22 03:52 B C:\sharad\Public_Engin_may\html\mus\Museum\enginetop.png --> s94876453.onlinehome.us /mus/Museum enginetop.png
2004.02.22 03:52 B C:\sharad\Public_Engin_may\html\mus\Museum\exit.JPG --> s94876453.onlinehome.us /mus/Museum exit.JPG
2004.02.22 03:52 B C:\sharad\Public_Engin_may\html\mus\Museum\Fiat.jpg --> s94876453.onlinehome.us /mus/Museum Fiat.jpg
2004.02.22 03:52 B C:\sharad\Public_Engin_may\html\mus\Museum\fiat_render.jpg --> s94876453.onlinehome.us /mus/Museum fiat_render.jpg
2004.02.22 03:52 B C:\sharad\Public_Engin_may\html\mus\Museum\FiatMark.jpg --> s94876453.onlinehome.us /mus/Museum FiatMark.jpg
2004.02.22 03:52 B C:\sharad\Public_Engin_may\html\mus\Museum\fiatpalio02.jpg --> s94876453.onlinehome.us /mus/Museum fiatpalio02.jpg
2004.02.22 03:52 B C:\sharad\Public_Engin_may\html\mus\Museum\fiatpalio03.jpg --> s94876453.onlinehome.us /mus/Museum fiatpalio03.jpg
2004.02.22 03:52 B C:\sharad\Public_Engin_may\html\mus\Museum\fiatpalio04.jpg --> s94876453.onlinehome.us /mus/Museum fiatpalio04.jpg
2004.02.22 03:52 B C:\sharad\Public_Engin_may\html\mus\Museum\fiatred1.jpg --> s94876453.onlinehome.us /mus/Museum fiatred1.jpg
2004.02.22 03:54 B C:\sharad\Public_Engin_may\html\mus\Museum\finalproduction.WRL --> s94876453.onlinehome.us /mus/Museum finalproduction.WRL
2004.02.22 03:54 B C:\sharad\Public_Engin_may\html\mus\Museum\Floor_t.jpg --> s94876453.onlinehome.us /mus/Museum Floor_t.jpg
2004.02.22 03:54 B C:\sharad\Public_Engin_may\html\mus\Museum\floor_t2.jpg --> s94876453.onlinehome.us /mus/Museum floor_t2.jpg
2004.02.22 03:54 B C:\sharad\Public_Engin_may\html\mus\Museum\fordlogo.png --> s94876453.onlinehome.us /mus/Museum fordlogo.png
2004.02.22 03:54 B C:\sharad\Public_Engin_may\html\mus\Museum\frontSea.jpg --> s94876453.onlinehome.us /mus/Museum frontSea.jpg
2004.02.22 03:54 B C:\sharad\Public_Engin_may\html\mus\Museum\frontSea1.jpg --> s94876453.onlinehome.us /mus/Museum frontSea1.jpg
2004.02.22 03:55 B C:\sharad\Public_Engin_may\html\mus\Museum\game.WRL --> s94876453.onlinehome.us /mus/Museum game.WRL
2004.02.22 03:55 B C:\sharad\Public_Engin_may\html\mus\Museum\game_previous.WRL --> s94876453.onlinehome.us /mus/Museum game_previous.WRL
2004.02.22 03:56 B C:\sharad\Public_Engin_may\html\mus\Museum\garage-door.bmp --> s94876453.onlinehome.us /mus/Museum garage-door.bmp
2004.02.22 03:56 B C:\sharad\Public_Engin_may\html\mus\Museum\garage_door.jpg --> s94876453.onlinehome.us /mus/Museum garage_door.jpg
2004.02.22 03:56 B C:\sharad\Public_Engin_may\html\mus\Museum\garage_door1.jpg --> s94876453.onlinehome.us /mus/Museum garage_door1.jpg
2004.02.22 03:56 B C:\sharad\Public_Engin_may\html\mus\Museum\glasslight.jpg --> s94876453.onlinehome.us /mus/Museum glasslight.jpg
2004.02.22 03:56 B C:\sharad\Public_Engin_may\html\mus\Museum\GloveCom.jpg --> s94876453.onlinehome.us /mus/Museum GloveCom.jpg
2004.02.22 03:56 B C:\sharad\Public_Engin_may\html\mus\Museum\GloveCom1.jpg --> s94876453.onlinehome.us /mus/Museum GloveCom1.jpg
2004.02.22 03:57 B C:\sharad\Public_Engin_may\html\mus\Museum\GRASS2.JPG --> s94876453.onlinehome.us /mus/Museum GRASS2.JPG
2004.02.22 03:57 B C:\sharad\Public_Engin_may\html\mus\Museum\Grassy_t.jpg --> s94876453.onlinehome.us /mus/Museum Grassy_t.jpg
2004.02.22 03:57 B C:\sharad\Public_Engin_may\html\mus\Museum\grill.jpg --> s94876453.onlinehome.us /mus/Museum grill.jpg
2004.02.22 03:57 B C:\sharad\Public_Engin_may\html\mus\Museum\grill.png --> s94876453.onlinehome.us /mus/Museum grill.png
2004.02.22 03:57 B C:\sharad\Public_Engin_may\html\mus\Museum\groutyre2.jpg --> s94876453.onlinehome.us /mus/Museum groutyre2.jpg
2004.02.22 03:57 B C:\sharad\Public_Engin_may\html\mus\Museum\headlightleft.png --> s94876453.onlinehome.us /mus/Museum headlightleft.png
2004.02.22 03:57 B C:\sharad\Public_Engin_may\html\mus\Museum\headlightright.png --> s94876453.onlinehome.us /mus/Museum headlightright.png
2004.02.22 03:57 B C:\sharad\Public_Engin_may\html\mus\Museum\HjulMonster.jpg --> s94876453.onlinehome.us /mus/Museum HjulMonster.jpg
2004.02.22 03:57 B C:\sharad\Public_Engin_may\html\mus\Museum\HjulSide.jpg --> s94876453.onlinehome.us /mus/Museum HjulSide.jpg
2004.02.22 03:57 B C:\sharad\Public_Engin_may\html\mus\Museum\Huv.jpg --> s94876453.onlinehome.us /mus/Museum Huv.jpg
2004.02.22 04:02 B C:\sharad\Public_Engin_may\html\mus\Museum\imaging.wrl --> s94876453.onlinehome.us /mus/Museum imaging.wrl
2004.02.22 04:02 B C:\sharad\Public_Engin_may\html\mus\Museum\inner.jpg --> s94876453.onlinehome.us /mus/Museum inner.jpg
2004.02.22 04:02 B C:\sharad\Public_Engin_may\html\mus\Museum\interiorthumb.jpg --> s94876453.onlinehome.us /mus/Museum interiorthumb.jpg
2004.02.22 04:02 B C:\sharad\Public_Engin_may\html\mus\Museum\LampaBak.jpg --> s94876453.onlinehome.us /mus/Museum LampaBak.jpg
2004.02.22 04:02 B C:\sharad\Public_Engin_may\html\mus\Museum\LampaBak2.jpg --> s94876453.onlinehome.us /mus/Museum LampaBak2.jpg
2004.02.22 04:02 B C:\sharad\Public_Engin_may\html\mus\Museum\LampaFra.jpg --> s94876453.onlinehome.us /mus/Museum LampaFra.jpg
2004.02.22 04:02 B C:\sharad\Public_Engin_may\html\mus\Museum\Marbl03l.jpg --> s94876453.onlinehome.us /mus/Museum Marbl03l.jpg
2004.02.22 04:02 B C:\sharad\Public_Engin_may\html\mus\Museum\marbl03l2.jpg --> s94876453.onlinehome.us /mus/Museum marbl03l2.jpg
2004.02.22 04:02 B C:\sharad\Public_Engin_may\html\mus\Museum\marea1_02.jpg --> s94876453.onlinehome.us /mus/Museum marea1_02.jpg
2004.02.22 04:02 B C:\sharad\Public_Engin_may\html\mus\Museum\motor.jpg --> s94876453.onlinehome.us /mus/Museum motor.jpg
2004.02.22 04:02 B C:\sharad\Public_Engin_may\html\mus\Museum\mural.jpg --> s94876453.onlinehome.us /mus/Museum mural.jpg
2004.02.22 04:02 B C:\sharad\Public_Engin_may\html\mus\Museum\mural2.gif --> s94876453.onlinehome.us /mus/Museum mural2.gif
2004.02.22 04:03 B C:\sharad\Public_Engin_may\html\mus\Museum\Museumfinal.wrl --> s94876453.onlinehome.us /mus/Museum Museumfinal.wrl
2004.02.22 04:04 B C:\sharad\Public_Engin_may\html\mus\Museum\Museumfinalexit.wrl --> s94876453.onlinehome.us /mus/Museum Museumfinalexit.wrl
2004.02.22 04:04 B C:\sharad\Public_Engin_may\html\mus\Museum\Natur01l.jpg --> s94876453.onlinehome.us /mus/Museum Natur01l.jpg
2004.02.22 04:04 B C:\sharad\Public_Engin_may\html\mus\Museum\natur01l2.jpg --> s94876453.onlinehome.us /mus/Museum natur01l2.jpg
2004.02.22 04:04 B C:\sharad\Public_Engin_may\html\mus\Museum\Natur21l.jpg --> s94876453.onlinehome.us /mus/Museum Natur21l.jpg
2004.02.22 04:04 B C:\sharad\Public_Engin_may\html\mus\Museum\natur21l2.jpg --> s94876453.onlinehome.us /mus/Museum natur21l2.jpg
2004.02.22 04:04 B C:\sharad\Public_Engin_may\html\mus\Museum\nissan1.jpg --> s94876453.onlinehome.us /mus/Museum nissan1.jpg
2004.02.22 04:04 B C:\sharad\Public_Engin_may\html\mus\Museum\nissan2.jpg --> s94876453.onlinehome.us /mus/Museum nissan2.jpg
2004.02.22 04:04 B C:\sharad\Public_Engin_may\html\mus\Museum\OLDMETAL.JPG --> s94876453.onlinehome.us /mus/Museum OLDMETAL.JPG
2004.02.22 04:04 B C:\sharad\Public_Engin_may\html\mus\Museum\Orange.jpg --> s94876453.onlinehome.us /mus/Museum Orange.jpg
2004.02.22 04:04 B C:\sharad\Public_Engin_may\html\mus\Museum\palioPla.jpg --> s94876453.onlinehome.us /mus/Museum palioPla.jpg
2004.02.22 04:04 B C:\sharad\Public_Engin_may\html\mus\Museum\PalioStile.jpg --> s94876453.onlinehome.us /mus/Museum PalioStile.jpg
2004.02.22 04:04 B C:\sharad\Public_Engin_may\html\mus\Museum\picturegreat.jpg --> s94876453.onlinehome.us /mus/Museum picturegreat.jpg
2004.02.22 04:04 B C:\sharad\Public_Engin_may\html\mus\Museum\plasterb.gif --> s94876453.onlinehome.us /mus/Museum plasterb.gif
2004.02.22 04:04 B C:\sharad\Public_Engin_may\html\mus\Museum\plat.jpg --> s94876453.onlinehome.us /mus/Museum plat.jpg
2004.02.22 04:04 B C:\sharad\Public_Engin_may\html\mus\Museum\plate.jpg --> s94876453.onlinehome.us /mus/Museum plate.jpg
2004.02.22 04:04 B C:\sharad\Public_Engin_may\html\mus\Museum\podlight.jpg --> s94876453.onlinehome.us /mus/Museum podlight.jpg
2004.02.22 04:04 B C:\sharad\Public_Engin_may\html\mus\Museum\premstilo1.jpg --> s94876453.onlinehome.us /mus/Museum premstilo1.jpg
2004.02.22 04:04 B C:\sharad\Public_Engin_may\html\mus\Museum\radio_he.jpg --> s94876453.onlinehome.us /mus/Museum radio_he.jpg
2004.02.22 04:04 B C:\sharad\Public_Engin_may\html\mus\Museum\red.jpg --> s94876453.onlinehome.us /mus/Museum red.jpg
2004.02.22 04:04 B C:\sharad\Public_Engin_may\html\mus\Museum\roof.jpg --> s94876453.onlinehome.us /mus/Museum roof.jpg
2004.02.22 04:04 B C:\sharad\Public_Engin_may\html\mus\Museum\rustscratch2.jpg --> s94876453.onlinehome.us /mus/Museum rustscratch2.jpg
2004.02.22 04:04 B C:\sharad\Public_Engin_may\html\mus\Museum\S_S_Alumox.jpg --> s94876453.onlinehome.us /mus/Museum S_S_Alumox.jpg
2004.02.22 04:04 B C:\sharad\Public_Engin_may\html\mus\Museum\s_s_alumox.png --> s94876453.onlinehome.us /mus/Museum s_s_alumox.png
2004.02.22 04:04 B C:\sharad\Public_Engin_may\html\mus\Museum\S_S_marble3.jpg --> s94876453.onlinehome.us /mus/Museum S_S_marble3.jpg
2004.02.22 04:04 B C:\sharad\Public_Engin_may\html\mus\Museum\S_S_tex_023.jpg --> s94876453.onlinehome.us /mus/Museum S_S_tex_023.jpg
2004.02.22 04:04 B C:\sharad\Public_Engin_may\html\mus\Museum\s_Vesselovski-Dmitri2.jpg --> s94876453.onlinehome.us /mus/Museum s_Vesselovski-Dmitri2.jpg
2004.02.22 04:04 B C:\sharad\Public_Engin_may\html\mus\Museum\s_Vesselovski-Dmitri3.jpg --> s94876453.onlinehome.us /mus/Museum s_Vesselovski-Dmitri3.jpg
2004.02.22 04:04 B C:\sharad\Public_Engin_may\html\mus\Museum\s_Vesselovski-Dmitri4.jpg --> s94876453.onlinehome.us /mus/Museum s_Vesselovski-Dmitri4.jpg
2004.02.22 04:04 B C:\sharad\Public_Engin_may\html\mus\Museum\s_Vesselovski-Dmitri5.jpg --> s94876453.onlinehome.us /mus/Museum s_Vesselovski-Dmitri5.jpg
2004.02.22 04:04 B C:\sharad\Public_Engin_may\html\mus\Museum\Softmet.jpg --> s94876453.onlinehome.us /mus/Museum Softmet.jpg
2004.02.22 04:04 B C:\sharad\Public_Engin_may\html\mus\Museum\Speaker.jpg --> s94876453.onlinehome.us /mus/Museum Speaker.jpg
2004.02.22 04:04 B C:\sharad\Public_Engin_may\html\mus\Museum\Speedome.jpg --> s94876453.onlinehome.us /mus/Museum Speedome.jpg
2004.02.22 04:04 B C:\sharad\Public_Engin_may\html\mus\Museum\Speedome1.jpg --> s94876453.onlinehome.us /mus/Museum Speedome1.jpg
2004.02.22 04:04 B C:\sharad\Public_Engin_may\html\mus\Museum\spoilerthumb.jpg --> s94876453.onlinehome.us /mus/Museum spoilerthumb.jpg
2004.02.22 04:04 B C:\sharad\Public_Engin_may\html\mus\Museum\Steering.jpg --> s94876453.onlinehome.us /mus/Museum Steering.jpg
2004.02.22 04:04 B C:\sharad\Public_Engin_may\html\mus\Museum\Steering1.jpg --> s94876453.onlinehome.us /mus/Museum Steering1.jpg
2004.02.22 04:04 B C:\sharad\Public_Engin_may\html\mus\Museum\StolKant.jpg --> s94876453.onlinehome.us /mus/Museum StolKant.jpg
2004.02.22 04:04 B C:\sharad\Public_Engin_may\html\mus\Museum\StolKant1.jpg --> s94876453.onlinehome.us /mus/Museum StolKant1.jpg
2004.02.22 04:05 B C:\sharad\Public_Engin_may\html\mus\Museum\Stone15l.jpg --> s94876453.onlinehome.us /mus/Museum Stone15l.jpg
2004.02.22 04:05 B C:\sharad\Public_Engin_may\html\mus\Museum\stone15l2.jpg --> s94876453.onlinehome.us /mus/Museum stone15l2.jpg
2004.02.22 04:05 B C:\sharad\Public_Engin_may\html\mus\Museum\Stone25l.jpg --> s94876453.onlinehome.us /mus/Museum Stone25l.jpg
2004.02.22 04:05 B C:\sharad\Public_Engin_may\html\mus\Museum\stone25l2.jpg --> s94876453.onlinehome.us /mus/Museum stone25l2.jpg
2004.02.22 04:05 B C:\sharad\Public_Engin_may\html\mus\Museum\stop.JPG --> s94876453.onlinehome.us /mus/Museum stop.JPG
2004.02.22 04:05 B C:\sharad\Public_Engin_may\html\mus\Museum\stucco.jpg --> s94876453.onlinehome.us /mus/Museum stucco.jpg
2004.02.22 04:05 B C:\sharad\Public_Engin_may\html\mus\Museum\stucco2.jpg --> s94876453.onlinehome.us /mus/Museum stucco2.jpg
2004.02.22 04:05 B C:\sharad\Public_Engin_may\html\mus\Museum\switchon.JPG --> s94876453.onlinehome.us /mus/Museum switchon.JPG
2004.02.22 04:05 B C:\sharad\Public_Engin_may\html\mus\Museum\tabletex.jpg --> s94876453.onlinehome.us /mus/Museum tabletex.jpg
2004.02.22 04:05 B C:\sharad\Public_Engin_may\html\mus\Museum\taillightleft.png --> s94876453.onlinehome.us /mus/Museum taillightleft.png
2004.02.22 04:05 B C:\sharad\Public_Engin_may\html\mus\Museum\taillightright.png --> s94876453.onlinehome.us /mus/Museum taillightright.png
2004.02.22 04:05 B C:\sharad\Public_Engin_may\html\mus\Museum\tex_009.jpg --> s94876453.onlinehome.us /mus/Museum tex_009.jpg
2004.02.22 04:05 B C:\sharad\Public_Engin_may\html\mus\Museum\tex_0092.jpg --> s94876453.onlinehome.us /mus/Museum tex_0092.jpg
2004.02.22 04:05 B C:\sharad\Public_Engin_may\html\mus\Museum\tex_010.jpg --> s94876453.onlinehome.us /mus/Museum tex_010.jpg
2004.02.22 04:05 B C:\sharad\Public_Engin_may\html\mus\Museum\tex_015.jpg --> s94876453.onlinehome.us /mus/Museum tex_015.jpg
2004.02.22 04:05 B C:\sharad\Public_Engin_may\html\mus\Museum\tex_019.jpg --> s94876453.onlinehome.us /mus/Museum tex_019.jpg
2004.02.22 04:05 B C:\sharad\Public_Engin_may\html\mus\Museum\thread1.jpg --> s94876453.onlinehome.us /mus/Museum thread1.jpg
2004.02.22 04:05 B C:\sharad\Public_Engin_may\html\mus\Museum\thread2.jpg --> s94876453.onlinehome.us /mus/Museum thread2.jpg
2004.02.22 04:05 B C:\sharad\Public_Engin_may\html\mus\Museum\Thumbs.db --> s94876453.onlinehome.us /mus/Museum Thumbs.db
2004.02.22 04:05 B C:\sharad\Public_Engin_may\html\mus\Museum\tile0011.jpg --> s94876453.onlinehome.us /mus/Museum tile0011.jpg
2004.02.22 04:05 B C:\sharad\Public_Engin_may\html\mus\Museum\tile0011.png --> s94876453.onlinehome.us /mus/Museum tile0011.png
2004.02.22 04:05 B C:\sharad\Public_Engin_may\html\mus\Museum\tile00110.png --> s94876453.onlinehome.us /mus/Museum tile00110.png
2004.02.22 04:05 B C:\sharad\Public_Engin_may\html\mus\Museum\tile00112.jpg --> s94876453.onlinehome.us /mus/Museum tile00112.jpg
2004.02.22 04:05 B C:\sharad\Public_Engin_may\html\mus\Museum\Tile10.jpg --> s94876453.onlinehome.us /mus/Museum Tile10.jpg
2004.02.22 04:05 B C:\sharad\Public_Engin_may\html\mus\Museum\tile11.jpg --> s94876453.onlinehome.us /mus/Museum tile11.jpg
2004.02.22 04:05 B C:\sharad\Public_Engin_may\html\mus\Museum\TinFoil.jpg --> s94876453.onlinehome.us /mus/Museum TinFoil.jpg
2004.02.22 04:05 B C:\sharad\Public_Engin_may\html\mus\Museum\tiretn.jpg --> s94876453.onlinehome.us /mus/Museum tiretn.jpg
2004.02.22 04:05 B C:\sharad\Public_Engin_may\html\mus\Museum\toolbox.jpg --> s94876453.onlinehome.us /mus/Museum toolbox.jpg
2004.02.22 04:05 B C:\sharad\Public_Engin_may\html\mus\Museum\tyg.jpg --> s94876453.onlinehome.us /mus/Museum tyg.jpg
2004.02.22 04:05 B C:\sharad\Public_Engin_may\html\mus\Museum\tyg1.jpg --> s94876453.onlinehome.us /mus/Museum tyg1.jpg
2004.02.22 04:06 B C:\sharad\Public_Engin_may\html\mus\Museum\Under.jpg --> s94876453.onlinehome.us /mus/Museum Under.jpg
2004.02.22 04:06 B C:\sharad\Public_Engin_may\html\mus\Museum\Under1.jpg --> s94876453.onlinehome.us /mus/Museum Under1.jpg
2004.02.22 04:06 B C:\sharad\Public_Engin_may\html\mus\Museum\UnderHea.jpg --> s94876453.onlinehome.us /mus/Museum UnderHea.jpg
2004.02.22 04:06 B C:\sharad\Public_Engin_may\html\mus\Museum\UnderHea1.jpg --> s94876453.onlinehome.us /mus/Museum UnderHea1.jpg
2004.02.22 04:06 B C:\sharad\Public_Engin_may\html\mus\Museum\untitled.bmp --> s94876453.onlinehome.us /mus/Museum untitled.bmp
2004.02.22 04:06 B C:\sharad\Public_Engin_may\html\mus\Museum\volk1.jpg --> s94876453.onlinehome.us /mus/Museum volk1.jpg
2004.02.22 04:06 B C:\sharad\Public_Engin_may\html\mus\Museum\waffle.jpg --> s94876453.onlinehome.us /mus/Museum waffle.jpg
2004.02.22 04:06 B C:\sharad\Public_Engin_may\html\mus\Museum\wheelbas.png --> s94876453.onlinehome.us /mus/Museum wheelbas.png
2004.02.22 04:06 B C:\sharad\Public_Engin_may\html\mus\Museum\wheelbase2.png --> s94876453.onlinehome.us /mus/Museum wheelbase2.png
2004.02.22 04:06 B C:\sharad\Public_Engin_may\html\mus\Museum\wheelbase3.png --> s94876453.onlinehome.us /mus/Museum wheelbase3.png
2004.02.22 04:06 B C:\sharad\Public_Engin_may\html\mus\Museum\wheeltn.jpg --> s94876453.onlinehome.us /mus/Museum wheeltn.jpg
2004.02.22 04:06 B C:\sharad\Public_Engin_may\html\mus\Museum\withalchol.jpg --> s94876453.onlinehome.us /mus/Museum withalchol.jpg
2004.02.22 04:06 B C:\sharad\Public_Engin_may\html\mus\Museum\withoutalchol.jpg --> s94876453.onlinehome.us /mus/Museum withoutalchol.jpg
2005.09.20 17:09 B C:\Documents and Settings\sam\Desktop\SI\website\mus\Museum\16v.jpg --> ftp-novell.si.umich.edu /STUDENTS/sharad/HTML/mus/Museum 16v.jpg
2005.09.20 17:09 B C:\Documents and Settings\sam\Desktop\SI\website\mus\Museum\1903.jpg --> ftp-novell.si.umich.edu /STUDENTS/sharad/HTML/mus/Museum 1903.jpg
2005.09.20 17:09 B C:\Documents and Settings\sam\Desktop\SI\website\mus\Museum\1903b.png --> ftp-novell.si.umich.edu /STUDENTS/sharad/HTML/mus/Museum 1903b.png
2005.09.20 17:09 B C:\Documents and Settings\sam\Desktop\SI\website\mus\Museum\1906.png --> ftp-novell.si.umich.edu /STUDENTS/sharad/HTML/mus/Museum 1906.png
2005.09.20 17:09 B C:\Documents and Settings\sam\Desktop\SI\website\mus\Museum\1909.png --> ftp-novell.si.umich.edu /STUDENTS/sharad/HTML/mus/Museum 1909.png
2005.09.20 17:09 B C:\Documents and Settings\sam\Desktop\SI\website\mus\Museum\1910.jpg --> ftp-novell.si.umich.edu /STUDENTS/sharad/HTML/mus/Museum 1910.jpg
2005.09.20 17:09 B C:\Documents and Settings\sam\Desktop\SI\website\mus\Museum\1911.png --> ftp-novell.si.umich.edu /STUDENTS/sharad/HTML/mus/Museum 1911.png
2005.09.20 17:09 B C:\Documents and Settings\sam\Desktop\SI\website\mus\Museum\1912a_copy.png --> ftp-novell.si.umich.edu /STUDENTS/sharad/HTML/mus/Museum 1912a_copy.png
2005.09.20 17:09 B C:\Documents and Settings\sam\Desktop\SI\website\mus\Museum\1914a.png --> ftp-novell.si.umich.edu /STUDENTS/sharad/HTML/mus/Museum 1914a.png
2005.09.20 17:09 B C:\Documents and Settings\sam\Desktop\SI\website\mus\Museum\1915.png --> ftp-novell.si.umich.edu /STUDENTS/sharad/HTML/mus/Museum 1915.png
2005.09.20 17:09 B C:\Documents and Settings\sam\Desktop\SI\website\mus\Museum\1916.png --> ftp-novell.si.umich.edu /STUDENTS/sharad/HTML/mus/Museum 1916.png
2005.09.20 17:09 B C:\Documents and Settings\sam\Desktop\SI\website\mus\Museum\1917a.png --> ftp-novell.si.umich.edu /STUDENTS/sharad/HTML/mus/Museum 1917a.png
2005.09.20 17:09 B C:\Documents and Settings\sam\Desktop\SI\website\mus\Museum\1919.png --> ftp-novell.si.umich.edu /STUDENTS/sharad/HTML/mus/Museum 1919.png
2005.09.20 17:09 B C:\Documents and Settings\sam\Desktop\SI\website\mus\Museum\1920.png --> ftp-novell.si.umich.edu /STUDENTS/sharad/HTML/mus/Museum 1920.png
2005.09.20 17:09 B C:\Documents and Settings\sam\Desktop\SI\website\mus\Museum\1921.png --> ftp-novell.si.umich.edu /STUDENTS/sharad/HTML/mus/Museum 1921.png
2005.09.20 17:09 B C:\Documents and Settings\sam\Desktop\SI\website\mus\Museum\1926.png --> ftp-novell.si.umich.edu /STUDENTS/sharad/HTML/mus/Museum 1926.png
2005.09.20 17:09 B C:\Documents and Settings\sam\Desktop\SI\website\mus\Museum\1929.png --> ftp-novell.si.umich.edu /STUDENTS/sharad/HTML/mus/Museum 1929.png
2005.09.20 17:09 B C:\Documents and Settings\sam\Desktop\SI\website\mus\Museum\1931.png --> ftp-novell.si.umich.edu /STUDENTS/sharad/HTML/mus/Museum 1931.png
2005.09.20 17:09 B C:\Documents and Settings\sam\Desktop\SI\website\mus\Museum\1932c.png --> ftp-novell.si.umich.edu /STUDENTS/sharad/HTML/mus/Museum 1932c.png
2005.09.20 17:09 B C:\Documents and Settings\sam\Desktop\SI\website\mus\Museum\1936.png --> ftp-novell.si.umich.edu /STUDENTS/sharad/HTML/mus/Museum 1936.png
2005.09.20 17:09 B C:\Documents and Settings\sam\Desktop\SI\website\mus\Museum\1936b.png --> ftp-novell.si.umich.edu /STUDENTS/sharad/HTML/mus/Museum 1936b.png
2005.09.20 17:09 B C:\Documents and Settings\sam\Desktop\SI\website\mus\Museum\1938a.png --> ftp-novell.si.umich.edu /STUDENTS/sharad/HTML/mus/Museum 1938a.png
2005.09.20 17:09 B C:\Documents and Settings\sam\Desktop\SI\website\mus\Museum\1941.png --> ftp-novell.si.umich.edu /STUDENTS/sharad/HTML/mus/Museum 1941.png
2005.09.20 17:09 B C:\Documents and Settings\sam\Desktop\SI\website\mus\Museum\1943.png --> ftp-novell.si.umich.edu /STUDENTS/sharad/HTML/mus/Museum 1943.png
2005.09.20 17:09 B C:\Documents and Settings\sam\Desktop\SI\website\mus\Museum\1947a.png --> ftp-novell.si.umich.edu /STUDENTS/sharad/HTML/mus/Museum 1947a.png
2005.09.20 17:09 B C:\Documents and Settings\sam\Desktop\SI\website\mus\Museum\1948.png --> ftp-novell.si.umich.edu /STUDENTS/sharad/HTML/mus/Museum 1948.png
2005.09.20 17:09 B C:\Documents and Settings\sam\Desktop\SI\website\mus\Museum\1948b.png --> ftp-novell.si.umich.edu /STUDENTS/sharad/HTML/mus/Museum 1948b.png
2005.09.20 17:09 B C:\Documents and Settings\sam\Desktop\SI\website\mus\Museum\1952.png --> ftp-novell.si.umich.edu /STUDENTS/sharad/HTML/mus/Museum 1952.png
2005.09.20 17:09 B C:\Documents and Settings\sam\Desktop\SI\website\mus\Museum\1953.png --> ftp-novell.si.umich.edu /STUDENTS/sharad/HTML/mus/Museum 1953.png
2005.09.20 17:09 B C:\Documents and Settings\sam\Desktop\SI\website\mus\Museum\1958.png --> ftp-novell.si.umich.edu /STUDENTS/sharad/HTML/mus/Museum 1958.png
2005.09.20 17:09 B C:\Documents and Settings\sam\Desktop\SI\website\mus\Museum\1960.png --> ftp-novell.si.umich.edu /STUDENTS/sharad/HTML/mus/Museum 1960.png
2005.09.20 17:10 B C:\Documents and Settings\sam\Desktop\SI\website\mus\Museum\1960a.png --> ftp-novell.si.umich.edu /STUDENTS/sharad/HTML/mus/Museum 1960a.png
2005.09.20 17:10 B C:\Documents and Settings\sam\Desktop\SI\website\mus\Museum\1960b.png --> ftp-novell.si.umich.edu /STUDENTS/sharad/HTML/mus/Museum 1960b.png
2005.09.20 17:10 B C:\Documents and Settings\sam\Desktop\SI\website\mus\Museum\1962.png --> ftp-novell.si.umich.edu /STUDENTS/sharad/HTML/mus/Museum 1962.png
2005.09.20 17:10 B C:\Documents and Settings\sam\Desktop\SI\website\mus\Museum\1964.png --> ftp-novell.si.umich.edu /STUDENTS/sharad/HTML/mus/Museum 1964.png
2005.09.20 17:10 B C:\Documents and Settings\sam\Desktop\SI\website\mus\Museum\1966.png --> ftp-novell.si.umich.edu /STUDENTS/sharad/HTML/mus/Museum 1966.png
2005.09.20 17:10 B C:\Documents and Settings\sam\Desktop\SI\website\mus\Museum\1968.png --> ftp-novell.si.umich.edu /STUDENTS/sharad/HTML/mus/Museum 1968.png
2005.09.20 17:10 B C:\Documents and Settings\sam\Desktop\SI\website\mus\Museum\1970.png --> ftp-novell.si.umich.edu /STUDENTS/sharad/HTML/mus/Museum 1970.png
2005.09.20 17:10 B C:\Documents and Settings\sam\Desktop\SI\website\mus\Museum\1971.png --> ftp-novell.si.umich.edu /STUDENTS/sharad/HTML/mus/Museum 1971.png
2005.09.20 17:10 B C:\Documents and Settings\sam\Desktop\SI\website\mus\Museum\1977.png --> ftp-novell.si.umich.edu /STUDENTS/sharad/HTML/mus/Museum 1977.png
2005.09.20 17:10 B C:\Documents and Settings\sam\Desktop\SI\website\mus\Museum\1980.png --> ftp-novell.si.umich.edu /STUDENTS/sharad/HTML/mus/Museum 1980.png
2005.09.20 17:10 B C:\Documents and Settings\sam\Desktop\SI\website\mus\Museum\1980a.png --> ftp-novell.si.umich.edu /STUDENTS/sharad/HTML/mus/Museum 1980a.png
2005.09.20 17:10 B C:\Documents and Settings\sam\Desktop\SI\website\mus\Museum\1982.png --> ftp-novell.si.umich.edu /STUDENTS/sharad/HTML/mus/Museum 1982.png
2005.09.20 17:10 B C:\Documents and Settings\sam\Desktop\SI\website\mus\Museum\1982b.png --> ftp-novell.si.umich.edu /STUDENTS/sharad/HTML/mus/Museum 1982b.png
2005.09.20 17:10 B C:\Documents and Settings\sam\Desktop\SI\website\mus\Museum\1984.png --> ftp-novell.si.umich.edu /STUDENTS/sharad/HTML/mus/Museum 1984.png
2005.09.20 17:10 B C:\Documents and Settings\sam\Desktop\SI\website\mus\Museum\1988.png --> ftp-novell.si.umich.edu /STUDENTS/sharad/HTML/mus/Museum 1988.png
2005.09.20 17:10 B C:\Documents and Settings\sam\Desktop\SI\website\mus\Museum\1990.png --> ftp-novell.si.umich.edu /STUDENTS/sharad/HTML/mus/Museum 1990.png
2005.09.20 17:10 B C:\Documents and Settings\sam\Desktop\SI\website\mus\Museum\1994.png --> ftp-novell.si.umich.edu /STUDENTS/sharad/HTML/mus/Museum 1994.png
2005.09.20 17:10 B C:\Documents and Settings\sam\Desktop\SI\website\mus\Museum\1997.png --> ftp-novell.si.umich.edu /STUDENTS/sharad/HTML/mus/Museum 1997.png
2005.09.20 17:10 B C:\Documents and Settings\sam\Desktop\SI\website\mus\Museum\1999.png --> ftp-novell.si.umich.edu /STUDENTS/sharad/HTML/mus/Museum 1999.png
2005.09.20 17:10 B C:\Documents and Settings\sam\Desktop\SI\website\mus\Museum\2000.png --> ftp-novell.si.umich.edu /STUDENTS/sharad/HTML/mus/Museum 2000.png
2005.09.20 17:10 B C:\Documents and Settings\sam\Desktop\SI\website\mus\Museum\2003T.png --> ftp-novell.si.umich.edu /STUDENTS/sharad/HTML/mus/Museum 2003T.png
2005.09.20 17:10 B C:\Documents and Settings\sam\Desktop\SI\website\mus\Museum\AirBag.jpg --> ftp-novell.si.umich.edu /STUDENTS/sharad/HTML/mus/Museum AirBag.jpg
2005.09.20 17:10 B C:\Documents and Settings\sam\Desktop\SI\website\mus\Museum\AirBag1.jpg --> ftp-novell.si.umich.edu /STUDENTS/sharad/HTML/mus/Museum AirBag1.jpg
2005.09.20 17:10 B C:\Documents and Settings\sam\Desktop\SI\website\mus\Museum\Alumox.jpg --> ftp-novell.si.umich.edu /STUDENTS/sharad/HTML/mus/Museum Alumox.jpg
2005.09.20 17:10 B C:\Documents and Settings\sam\Desktop\SI\website\mus\Museum\alumox2.jpg --> ftp-novell.si.umich.edu /STUDENTS/sharad/HTML/mus/Museum alumox2.jpg
2005.09.20 17:10 B C:\Documents and Settings\sam\Desktop\SI\website\mus\Museum\ASHSEN_2.GIF --> ftp-novell.si.umich.edu /STUDENTS/sharad/HTML/mus/Museum ASHSEN_2.GIF
2005.09.20 17:10 B C:\Documents and Settings\sam\Desktop\SI\website\mus\Museum\ASHSEN_2.jpg --> ftp-novell.si.umich.edu /STUDENTS/sharad/HTML/mus/Museum ASHSEN_2.jpg
2005.09.20 17:10 B C:\Documents and Settings\sam\Desktop\SI\website\mus\Museum\AskKopp.jpg --> ftp-novell.si.umich.edu /STUDENTS/sharad/HTML/mus/Museum AskKopp.jpg
2005.09.20 17:10 B C:\Documents and Settings\sam\Desktop\SI\website\mus\Museum\AskKopp1.jpg --> ftp-novell.si.umich.edu /STUDENTS/sharad/HTML/mus/Museum AskKopp1.jpg
2005.09.20 17:10 B C:\Documents and Settings\sam\Desktop\SI\website\mus\Museum\ASPHALT2.JPG --> ftp-novell.si.umich.edu /STUDENTS/sharad/HTML/mus/Museum ASPHALT2.JPG
2005.09.20 17:10 B C:\Documents and Settings\sam\Desktop\SI\website\mus\Museum\ASPHALT3.JPG --> ftp-novell.si.umich.edu /STUDENTS/sharad/HTML/mus/Museum ASPHALT3.JPG
2005.09.20 17:10 B C:\Documents and Settings\sam\Desktop\SI\website\mus\Museum\assem.png --> ftp-novell.si.umich.edu /STUDENTS/sharad/HTML/mus/Museum assem.png
2005.09.20 17:11 B C:\Documents and Settings\sam\Desktop\SI\website\mus\Museum\Assembly.WRL --> ftp-novell.si.umich.edu /STUDENTS/sharad/HTML/mus/Museum Assembly.WRL
2005.09.20 17:11 B C:\Documents and Settings\sam\Desktop\SI\website\mus\Museum\back.jpg --> ftp-novell.si.umich.edu /STUDENTS/sharad/HTML/mus/Museum back.jpg
2005.09.20 17:11 B C:\Documents and Settings\sam\Desktop\SI\website\mus\Museum\BackSeat.jpg --> ftp-novell.si.umich.edu /STUDENTS/sharad/HTML/mus/Museum BackSeat.jpg
2005.09.20 17:11 B C:\Documents and Settings\sam\Desktop\SI\website\mus\Museum\BackSeat1.jpg --> ftp-novell.si.umich.edu /STUDENTS/sharad/HTML/mus/Museum BackSeat1.jpg
2005.09.20 17:11 B C:\Documents and Settings\sam\Desktop\SI\website\mus\Museum\BakLucka.jpg --> ftp-novell.si.umich.edu /STUDENTS/sharad/HTML/mus/Museum BakLucka.jpg
2005.09.20 17:11 B C:\Documents and Settings\sam\Desktop\SI\website\mus\Museum\body.jpg --> ftp-novell.si.umich.edu /STUDENTS/sharad/HTML/mus/Museum body.jpg
2005.09.20 17:11 B C:\Documents and Settings\sam\Desktop\SI\website\mus\Museum\bodycover2.jpg --> ftp-novell.si.umich.edu /STUDENTS/sharad/HTML/mus/Museum bodycover2.jpg
2005.09.20 17:11 B C:\Documents and Settings\sam\Desktop\SI\website\mus\Museum\bodythumb.jpg --> ftp-novell.si.umich.edu /STUDENTS/sharad/HTML/mus/Museum bodythumb.jpg
2005.09.20 17:11 B C:\Documents and Settings\sam\Desktop\SI\website\mus\Museum\bonut.jpg --> ftp-novell.si.umich.edu /STUDENTS/sharad/HTML/mus/Museum bonut.jpg
2005.09.20 17:11 B C:\Documents and Settings\sam\Desktop\SI\website\mus\Museum\bonut2.jpg --> ftp-novell.si.umich.edu /STUDENTS/sharad/HTML/mus/Museum bonut2.jpg
2005.09.20 17:11 B C:\Documents and Settings\sam\Desktop\SI\website\mus\Museum\bravo3.jpg --> ftp-novell.si.umich.edu /STUDENTS/sharad/HTML/mus/Museum bravo3.jpg
2005.09.20 17:11 B C:\Documents and Settings\sam\Desktop\SI\website\mus\Museum\brick.bmp --> ftp-novell.si.umich.edu /STUDENTS/sharad/HTML/mus/Museum brick.bmp
2005.09.20 17:11 B C:\Documents and Settings\sam\Desktop\SI\website\mus\Museum\brick.jpg --> ftp-novell.si.umich.edu /STUDENTS/sharad/HTML/mus/Museum brick.jpg
2005.09.20 17:11 B C:\Documents and Settings\sam\Desktop\SI\website\mus\Museum\BromsLampa.jpg --> ftp-novell.si.umich.edu /STUDENTS/sharad/HTML/mus/Museum BromsLampa.jpg
2005.09.20 17:11 B C:\Documents and Settings\sam\Desktop\SI\website\mus\Museum\carHonk.wav --> ftp-novell.si.umich.edu /STUDENTS/sharad/HTML/mus/Museum carHonk.wav
2005.09.20 17:11 B C:\Documents and Settings\sam\Desktop\SI\website\mus\Museum\CigLight.jpg --> ftp-novell.si.umich.edu /STUDENTS/sharad/HTML/mus/Museum CigLight.jpg
2005.09.20 17:11 B C:\Documents and Settings\sam\Desktop\SI\website\mus\Museum\CigLight1.jpg --> ftp-novell.si.umich.edu /STUDENTS/sharad/HTML/mus/Museum CigLight1.jpg
2005.09.20 17:11 B C:\Documents and Settings\sam\Desktop\SI\website\mus\Museum\cinderblock.jpg --> ftp-novell.si.umich.edu /STUDENTS/sharad/HTML/mus/Museum cinderblock.jpg
2005.09.20 17:11 B C:\Documents and Settings\sam\Desktop\SI\website\mus\Museum\cinderblock.tif --> ftp-novell.si.umich.edu /STUDENTS/sharad/HTML/mus/Museum cinderblock.tif
2005.09.20 17:11 B C:\Documents and Settings\sam\Desktop\SI\website\mus\Museum\cinderblock_previous.jpg --> ftp-novell.si.umich.edu /STUDENTS/sharad/HTML/mus/Museum cinderblock_previous.jpg
2005.09.20 17:11 B C:\Documents and Settings\sam\Desktop\SI\website\mus\Museum\cldsmap.jpg --> ftp-novell.si.umich.edu /STUDENTS/sharad/HTML/mus/Museum cldsmap.jpg
2005.09.20 17:11 B C:\Documents and Settings\sam\Desktop\SI\website\mus\Museum\clover1.jpg --> ftp-novell.si.umich.edu /STUDENTS/sharad/HTML/mus/Museum clover1.jpg
2005.09.20 17:11 B C:\Documents and Settings\sam\Desktop\SI\website\mus\Museum\CONCGRAY.jpg --> ftp-novell.si.umich.edu /STUDENTS/sharad/HTML/mus/Museum CONCGRAY.jpg
2005.09.20 17:11 B C:\Documents and Settings\sam\Desktop\SI\website\mus\Museum\concretefloor.jpg --> ftp-novell.si.umich.edu /STUDENTS/sharad/HTML/mus/Museum concretefloor.jpg
2005.09.20 17:11 B C:\Documents and Settings\sam\Desktop\SI\website\mus\Museum\concretefloor.tif --> ftp-novell.si.umich.edu /STUDENTS/sharad/HTML/mus/Museum concretefloor.tif
2005.09.20 17:11 B C:\Documents and Settings\sam\Desktop\SI\website\mus\Museum\DoorBack.jpg --> ftp-novell.si.umich.edu /STUDENTS/sharad/HTML/mus/Museum DoorBack.jpg
2005.09.20 17:11 B C:\Documents and Settings\sam\Desktop\SI\website\mus\Museum\DoorFron.jpg --> ftp-novell.si.umich.edu /STUDENTS/sharad/HTML/mus/Museum DoorFron.jpg
2005.09.20 17:11 B C:\Documents and Settings\sam\Desktop\SI\website\mus\Museum\drive.jpg --> ftp-novell.si.umich.edu /STUDENTS/sharad/HTML/mus/Museum drive.jpg
2005.09.20 17:11 B C:\Documents and Settings\sam\Desktop\SI\website\mus\Museum\enginethumb.jpg --> ftp-novell.si.umich.edu /STUDENTS/sharad/HTML/mus/Museum enginethumb.jpg
2005.09.20 17:11 B C:\Documents and Settings\sam\Desktop\SI\website\mus\Museum\enginetop.jpg --> ftp-novell.si.umich.edu /STUDENTS/sharad/HTML/mus/Museum enginetop.jpg
2005.09.20 17:11 B C:\Documents and Settings\sam\Desktop\SI\website\mus\Museum\enginetop.png --> ftp-novell.si.umich.edu /STUDENTS/sharad/HTML/mus/Museum enginetop.png
2005.09.20 17:11 B C:\Documents and Settings\sam\Desktop\SI\website\mus\Museum\exit.JPG --> ftp-novell.si.umich.edu /STUDENTS/sharad/HTML/mus/Museum exit.JPG
2005.09.20 17:11 B C:\Documents and Settings\sam\Desktop\SI\website\mus\Museum\Fiat.jpg --> ftp-novell.si.umich.edu /STUDENTS/sharad/HTML/mus/Museum Fiat.jpg
2005.09.20 17:11 B C:\Documents and Settings\sam\Desktop\SI\website\mus\Museum\fiat_render.jpg --> ftp-novell.si.umich.edu /STUDENTS/sharad/HTML/mus/Museum fiat_render.jpg
2005.09.20 17:11 B C:\Documents and Settings\sam\Desktop\SI\website\mus\Museum\FiatMark.jpg --> ftp-novell.si.umich.edu /STUDENTS/sharad/HTML/mus/Museum FiatMark.jpg
2005.09.20 17:11 B C:\Documents and Settings\sam\Desktop\SI\website\mus\Museum\fiatpalio02.jpg --> ftp-novell.si.umich.edu /STUDENTS/sharad/HTML/mus/Museum fiatpalio02.jpg
2005.09.20 17:11 B C:\Documents and Settings\sam\Desktop\SI\website\mus\Museum\fiatpalio03.jpg --> ftp-novell.si.umich.edu /STUDENTS/sharad/HTML/mus/Museum fiatpalio03.jpg
2005.09.20 17:11 B C:\Documents and Settings\sam\Desktop\SI\website\mus\Museum\fiatpalio04.jpg --> ftp-novell.si.umich.edu /STUDENTS/sharad/HTML/mus/Museum fiatpalio04.jpg
2005.09.20 17:11 B C:\Documents and Settings\sam\Desktop\SI\website\mus\Museum\fiatred1.jpg --> ftp-novell.si.umich.edu /STUDENTS/sharad/HTML/mus/Museum fiatred1.jpg
2005.09.20 17:12 B C:\Documents and Settings\sam\Desktop\SI\website\mus\Museum\finalproduction.WRL --> ftp-novell.si.umich.edu /STUDENTS/sharad/HTML/mus/Museum finalproduction.WRL
2005.09.20 17:12 B C:\Documents and Settings\sam\Desktop\SI\website\mus\Museum\Floor_t.jpg --> ftp-novell.si.umich.edu /STUDENTS/sharad/HTML/mus/Museum Floor_t.jpg
2005.09.20 17:12 B C:\Documents and Settings\sam\Desktop\SI\website\mus\Museum\floor_t2.jpg --> ftp-novell.si.umich.edu /STUDENTS/sharad/HTML/mus/Museum floor_t2.jpg
2005.09.20 17:12 B C:\Documents and Settings\sam\Desktop\SI\website\mus\Museum\fordlogo.png --> ftp-novell.si.umich.edu /STUDENTS/sharad/HTML/mus/Museum fordlogo.png
2005.09.20 17:12 B C:\Documents and Settings\sam\Desktop\SI\website\mus\Museum\frontSea.jpg --> ftp-novell.si.umich.edu /STUDENTS/sharad/HTML/mus/Museum frontSea.jpg
2005.09.20 17:12 B C:\Documents and Settings\sam\Desktop\SI\website\mus\Museum\frontSea1.jpg --> ftp-novell.si.umich.edu /STUDENTS/sharad/HTML/mus/Museum frontSea1.jpg
2005.09.20 17:12 B C:\Documents and Settings\sam\Desktop\SI\website\mus\Museum\game.WRL --> ftp-novell.si.umich.edu /STUDENTS/sharad/HTML/mus/Museum game.WRL
2005.09.20 17:12 B C:\Documents and Settings\sam\Desktop\SI\website\mus\Museum\game_previous.WRL --> ftp-novell.si.umich.edu /STUDENTS/sharad/HTML/mus/Museum game_previous.WRL
2005.09.20 17:12 B C:\Documents and Settings\sam\Desktop\SI\website\mus\Museum\garage-door.bmp --> ftp-novell.si.umich.edu /STUDENTS/sharad/HTML/mus/Museum garage-door.bmp
2005.09.20 17:12 B C:\Documents and Settings\sam\Desktop\SI\website\mus\Museum\garage_door.jpg --> ftp-novell.si.umich.edu /STUDENTS/sharad/HTML/mus/Museum garage_door.jpg
2005.09.20 17:12 B C:\Documents and Settings\sam\Desktop\SI\website\mus\Museum\garage_door1.jpg --> ftp-novell.si.umich.edu /STUDENTS/sharad/HTML/mus/Museum garage_door1.jpg
2005.09.20 17:12 B C:\Documents and Settings\sam\Desktop\SI\website\mus\Museum\glasslight.jpg --> ftp-novell.si.umich.edu /STUDENTS/sharad/HTML/mus/Museum glasslight.jpg
2005.09.20 17:12 B C:\Documents and Settings\sam\Desktop\SI\website\mus\Museum\GloveCom.jpg --> ftp-novell.si.umich.edu /STUDENTS/sharad/HTML/mus/Museum GloveCom.jpg
2005.09.20 17:12 B C:\Documents and Settings\sam\Desktop\SI\website\mus\Museum\GloveCom1.jpg --> ftp-novell.si.umich.edu /STUDENTS/sharad/HTML/mus/Museum GloveCom1.jpg
2005.09.20 17:12 B C:\Documents and Settings\sam\Desktop\SI\website\mus\Museum\GRASS2.JPG --> ftp-novell.si.umich.edu /STUDENTS/sharad/HTML/mus/Museum GRASS2.JPG
2005.09.20 17:12 B C:\Documents and Settings\sam\Desktop\SI\website\mus\Museum\Grassy_t.jpg --> ftp-novell.si.umich.edu /STUDENTS/sharad/HTML/mus/Museum Grassy_t.jpg
2005.09.20 17:12 B C:\Documents and Settings\sam\Desktop\SI\website\mus\Museum\grill.jpg --> ftp-novell.si.umich.edu /STUDENTS/sharad/HTML/mus/Museum grill.jpg
2005.09.20 17:12 B C:\Documents and Settings\sam\Desktop\SI\website\mus\Museum\grill.png --> ftp-novell.si.umich.edu /STUDENTS/sharad/HTML/mus/Museum grill.png
2005.09.20 17:12 B C:\Documents and Settings\sam\Desktop\SI\website\mus\Museum\groutyre2.jpg --> ftp-novell.si.umich.edu /STUDENTS/sharad/HTML/mus/Museum groutyre2.jpg
2005.09.20 17:12 B C:\Documents and Settings\sam\Desktop\SI\website\mus\Museum\headlightleft.png --> ftp-novell.si.umich.edu /STUDENTS/sharad/HTML/mus/Museum headlightleft.png
2005.09.20 17:12 B C:\Documents and Settings\sam\Desktop\SI\website\mus\Museum\headlightright.png --> ftp-novell.si.umich.edu /STUDENTS/sharad/HTML/mus/Museum headlightright.png
2005.09.20 17:12 B C:\Documents and Settings\sam\Desktop\SI\website\mus\Museum\HjulMonster.jpg --> ftp-novell.si.umich.edu /STUDENTS/sharad/HTML/mus/Museum HjulMonster.jpg
2005.09.20 17:13 B C:\Documents and Settings\sam\Desktop\SI\website\mus\Museum\HjulSide.jpg --> ftp-novell.si.umich.edu /STUDENTS/sharad/HTML/mus/Museum HjulSide.jpg
2005.09.20 17:13 B C:\Documents and Settings\sam\Desktop\SI\website\mus\Museum\Huv.jpg --> ftp-novell.si.umich.edu /STUDENTS/sharad/HTML/mus/Museum Huv.jpg
2005.09.20 17:14 B C:\Documents and Settings\sam\Desktop\SI\website\mus\Museum\imaging.wrl --> ftp-novell.si.umich.edu /STUDENTS/sharad/HTML/mus/Museum imaging.wrl
2005.09.20 17:14 B C:\Documents and Settings\sam\Desktop\SI\website\mus\Museum\inner.jpg --> ftp-novell.si.umich.edu /STUDENTS/sharad/HTML/mus/Museum inner.jpg
2005.09.20 17:14 B C:\Documents and Settings\sam\Desktop\SI\website\mus\Museum\interiorthumb.jpg --> ftp-novell.si.umich.edu /STUDENTS/sharad/HTML/mus/Museum interiorthumb.jpg
2005.09.20 17:14 B C:\Documents and Settings\sam\Desktop\SI\website\mus\Museum\LampaBak.jpg --> ftp-novell.si.umich.edu /STUDENTS/sharad/HTML/mus/Museum LampaBak.jpg
2005.09.20 17:14 B C:\Documents and Settings\sam\Desktop\SI\website\mus\Museum\LampaBak2.jpg --> ftp-novell.si.umich.edu /STUDENTS/sharad/HTML/mus/Museum LampaBak2.jpg
2005.09.20 17:14 B C:\Documents and Settings\sam\Desktop\SI\website\mus\Museum\LampaFra.jpg --> ftp-novell.si.umich.edu /STUDENTS/sharad/HTML/mus/Museum LampaFra.jpg
2005.09.20 17:14 B C:\Documents and Settings\sam\Desktop\SI\website\mus\Museum\Marbl03l.jpg --> ftp-novell.si.umich.edu /STUDENTS/sharad/HTML/mus/Museum Marbl03l.jpg
2005.09.20 17:14 B C:\Documents and Settings\sam\Desktop\SI\website\mus\Museum\marbl03l2.jpg --> ftp-novell.si.umich.edu /STUDENTS/sharad/HTML/mus/Museum marbl03l2.jpg
2005.09.20 17:14 B C:\Documents and Settings\sam\Desktop\SI\website\mus\Museum\marea1_02.jpg --> ftp-novell.si.umich.edu /STUDENTS/sharad/HTML/mus/Museum marea1_02.jpg
2005.09.20 17:14 B C:\Documents and Settings\sam\Desktop\SI\website\mus\Museum\motor.jpg --> ftp-novell.si.umich.edu /STUDENTS/sharad/HTML/mus/Museum motor.jpg
2005.09.20 17:14 B C:\Documents and Settings\sam\Desktop\SI\website\mus\Museum\mural.jpg --> ftp-novell.si.umich.edu /STUDENTS/sharad/HTML/mus/Museum mural.jpg
2005.09.20 17:14 B C:\Documents and Settings\sam\Desktop\SI\website\mus\Museum\mural2.gif --> ftp-novell.si.umich.edu /STUDENTS/sharad/HTML/mus/Museum mural2.gif
2005.09.20 17:14 B C:\Documents and Settings\sam\Desktop\SI\website\mus\Museum\Museumfinal.wrl --> ftp-novell.si.umich.edu /STUDENTS/sharad/HTML/mus/Museum Museumfinal.wrl
2005.09.20 17:14 B C:\Documents and Settings\sam\Desktop\SI\website\mus\Museum\Museumfinalexit.wrl --> ftp-novell.si.umich.edu /STUDENTS/sharad/HTML/mus/Museum Museumfinalexit.wrl
2005.09.20 17:14 B C:\Documents and Settings\sam\Desktop\SI\website\mus\Museum\Natur01l.jpg --> ftp-novell.si.umich.edu /STUDENTS/sharad/HTML/mus/Museum Natur01l.jpg
2005.09.20 17:14 B C:\Documents and Settings\sam\Desktop\SI\website\mus\Museum\natur01l2.jpg --> ftp-novell.si.umich.edu /STUDENTS/sharad/HTML/mus/Museum natur01l2.jpg
2005.09.20 17:14 B C:\Documents and Settings\sam\Desktop\SI\website\mus\Museum\Natur21l.jpg --> ftp-novell.si.umich.edu /STUDENTS/sharad/HTML/mus/Museum Natur21l.jpg
2005.09.20 17:14 B C:\Documents and Settings\sam\Desktop\SI\website\mus\Museum\natur21l2.jpg --> ftp-novell.si.umich.edu /STUDENTS/sharad/HTML/mus/Museum natur21l2.jpg
2005.09.20 17:14 B C:\Documents and Settings\sam\Desktop\SI\website\mus\Museum\nissan1.jpg --> ftp-novell.si.umich.edu /STUDENTS/sharad/HTML/mus/Museum nissan1.jpg
2005.09.20 17:14 B C:\Documents and Settings\sam\Desktop\SI\website\mus\Museum\nissan2.jpg --> ftp-novell.si.umich.edu /STUDENTS/sharad/HTML/mus/Museum nissan2.jpg
2005.09.20 17:14 B C:\Documents and Settings\sam\Desktop\SI\website\mus\Museum\OLDMETAL.JPG --> ftp-novell.si.umich.edu /STUDENTS/sharad/HTML/mus/Museum OLDMETAL.JPG
2005.09.20 17:14 B C:\Documents and Settings\sam\Desktop\SI\website\mus\Museum\Orange.jpg --> ftp-novell.si.umich.edu /STUDENTS/sharad/HTML/mus/Museum Orange.jpg
2005.09.20 17:14 B C:\Documents and Settings\sam\Desktop\SI\website\mus\Museum\palioPla.jpg --> ftp-novell.si.umich.edu /STUDENTS/sharad/HTML/mus/Museum palioPla.jpg
2005.09.20 17:14 B C:\Documents and Settings\sam\Desktop\SI\website\mus\Museum\PalioStile.jpg --> ftp-novell.si.umich.edu /STUDENTS/sharad/HTML/mus/Museum PalioStile.jpg
2005.09.20 17:14 B C:\Documents and Settings\sam\Desktop\SI\website\mus\Museum\picturegreat.jpg --> ftp-novell.si.umich.edu /STUDENTS/sharad/HTML/mus/Museum picturegreat.jpg
2005.09.20 17:14 B C:\Documents and Settings\sam\Desktop\SI\website\mus\Museum\plasterb.gif --> ftp-novell.si.umich.edu /STUDENTS/sharad/HTML/mus/Museum plasterb.gif
2005.09.20 17:14 B C:\Documents and Settings\sam\Desktop\SI\website\mus\Museum\plat.jpg --> ftp-novell.si.umich.edu /STUDENTS/sharad/HTML/mus/Museum plat.jpg
2005.09.20 17:14 B C:\Documents and Settings\sam\Desktop\SI\website\mus\Museum\plate.jpg --> ftp-novell.si.umich.edu /STUDENTS/sharad/HTML/mus/Museum plate.jpg
2005.09.20 17:14 B C:\Documents and Settings\sam\Desktop\SI\website\mus\Museum\podlight.jpg --> ftp-novell.si.umich.edu /STUDENTS/sharad/HTML/mus/Museum podlight.jpg
2005.09.20 17:14 B C:\Documents and Settings\sam\Desktop\SI\website\mus\Museum\premstilo1.jpg --> ftp-novell.si.umich.edu /STUDENTS/sharad/HTML/mus/Museum premstilo1.jpg
2005.09.20 17:14 B C:\Documents and Settings\sam\Desktop\SI\website\mus\Museum\radio_he.jpg --> ftp-novell.si.umich.edu /STUDENTS/sharad/HTML/mus/Museum radio_he.jpg
2005.09.20 17:14 B C:\Documents and Settings\sam\Desktop\SI\website\mus\Museum\red.jpg --> ftp-novell.si.umich.edu /STUDENTS/sharad/HTML/mus/Museum red.jpg
2005.09.20 17:14 B C:\Documents and Settings\sam\Desktop\SI\website\mus\Museum\roof.jpg --> ftp-novell.si.umich.edu /STUDENTS/sharad/HTML/mus/Museum roof.jpg
2005.09.20 17:14 B C:\Documents and Settings\sam\Desktop\SI\website\mus\Museum\rustscratch2.jpg --> ftp-novell.si.umich.edu /STUDENTS/sharad/HTML/mus/Museum rustscratch2.jpg
2005.09.20 17:14 B C:\Documents and Settings\sam\Desktop\SI\website\mus\Museum\S_S_Alumox.jpg --> ftp-novell.si.umich.edu /STUDENTS/sharad/HTML/mus/Museum S_S_Alumox.jpg
2005.09.20 17:14 B C:\Documents and Settings\sam\Desktop\SI\website\mus\Museum\s_s_alumox.png --> ftp-novell.si.umich.edu /STUDENTS/sharad/HTML/mus/Museum s_s_alumox.png
2005.09.20 17:14 B C:\Documents and Settings\sam\Desktop\SI\website\mus\Museum\S_S_marble3.jpg --> ftp-novell.si.umich.edu /STUDENTS/sharad/HTML/mus/Museum S_S_marble3.jpg
2005.09.20 17:14 B C:\Documents and Settings\sam\Desktop\SI\website\mus\Museum\S_S_tex_023.jpg --> ftp-novell.si.umich.edu /STUDENTS/sharad/HTML/mus/Museum S_S_tex_023.jpg
2005.09.20 17:14 B C:\Documents and Settings\sam\Desktop\SI\website\mus\Museum\s_Vesselovski-Dmitri2.jpg --> ftp-novell.si.umich.edu /STUDENTS/sharad/HTML/mus/Museum s_Vesselovski-Dmitri2.jpg
2005.09.20 17:14 B C:\Documents and Settings\sam\Desktop\SI\website\mus\Museum\s_Vesselovski-Dmitri3.jpg --> ftp-novell.si.umich.edu /STUDENTS/sharad/HTML/mus/Museum s_Vesselovski-Dmitri3.jpg
2005.09.20 17:14 B C:\Documents and Settings\sam\Desktop\SI\website\mus\Museum\s_Vesselovski-Dmitri4.jpg --> ftp-novell.si.umich.edu /STUDENTS/sharad/HTML/mus/Museum s_Vesselovski-Dmitri4.jpg
2005.09.20 17:14 B C:\Documents and Settings\sam\Desktop\SI\website\mus\Museum\s_Vesselovski-Dmitri5.jpg --> ftp-novell.si.umich.edu /STUDENTS/sharad/HTML/mus/Museum s_Vesselovski-Dmitri5.jpg
2005.09.20 17:14 B C:\Documents and Settings\sam\Desktop\SI\website\mus\Museum\Softmet.jpg --> ftp-novell.si.umich.edu /STUDENTS/sharad/HTML/mus/Museum Softmet.jpg
2005.09.20 17:14 B C:\Documents and Settings\sam\Desktop\SI\website\mus\Museum\Speaker.jpg --> ftp-novell.si.umich.edu /STUDENTS/sharad/HTML/mus/Museum Speaker.jpg
2005.09.20 17:14 B C:\Documents and Settings\sam\Desktop\SI\website\mus\Museum\Speedome.jpg --> ftp-novell.si.umich.edu /STUDENTS/sharad/HTML/mus/Museum Speedome.jpg
2005.09.20 17:14 B C:\Documents and Settings\sam\Desktop\SI\website\mus\Museum\Speedome1.jpg --> ftp-novell.si.umich.edu /STUDENTS/sharad/HTML/mus/Museum Speedome1.jpg
2005.09.20 17:15 B C:\Documents and Settings\sam\Desktop\SI\website\mus\Museum\spoilerthumb.jpg --> ftp-novell.si.umich.edu /STUDENTS/sharad/HTML/mus/Museum spoilerthumb.jpg
2005.09.20 17:15 B C:\Documents and Settings\sam\Desktop\SI\website\mus\Museum\Steering.jpg --> ftp-novell.si.umich.edu /STUDENTS/sharad/HTML/mus/Museum Steering.jpg
2005.09.20 17:15 B C:\Documents and Settings\sam\Desktop\SI\website\mus\Museum\Steering1.jpg --> ftp-novell.si.umich.edu /STUDENTS/sharad/HTML/mus/Museum Steering1.jpg
2005.09.20 17:15 B C:\Documents and Settings\sam\Desktop\SI\website\mus\Museum\StolKant.jpg --> ftp-novell.si.umich.edu /STUDENTS/sharad/HTML/mus/Museum StolKant.jpg
2005.09.20 17:15 B C:\Documents and Settings\sam\Desktop\SI\website\mus\Museum\StolKant1.jpg --> ftp-novell.si.umich.edu /STUDENTS/sharad/HTML/mus/Museum StolKant1.jpg
2005.09.20 17:15 B C:\Documents and Settings\sam\Desktop\SI\website\mus\Museum\Stone15l.jpg --> ftp-novell.si.umich.edu /STUDENTS/sharad/HTML/mus/Museum Stone15l.jpg
2005.09.20 17:15 B C:\Documents and Settings\sam\Desktop\SI\website\mus\Museum\stone15l2.jpg --> ftp-novell.si.umich.edu /STUDENTS/sharad/HTML/mus/Museum stone15l2.jpg
2005.09.20 17:15 B C:\Documents and Settings\sam\Desktop\SI\website\mus\Museum\Stone25l.jpg --> ftp-novell.si.umich.edu /STUDENTS/sharad/HTML/mus/Museum Stone25l.jpg
2005.09.20 17:15 B C:\Documents and Settings\sam\Desktop\SI\website\mus\Museum\stone25l2.jpg --> ftp-novell.si.umich.edu /STUDENTS/sharad/HTML/mus/Museum stone25l2.jpg
2005.09.20 17:15 B C:\Documents and Settings\sam\Desktop\SI\website\mus\Museum\stop.JPG --> ftp-novell.si.umich.edu /STUDENTS/sharad/HTML/mus/Museum stop.JPG
2005.09.20 17:15 B C:\Documents and Settings\sam\Desktop\SI\website\mus\Museum\stucco.jpg --> ftp-novell.si.umich.edu /STUDENTS/sharad/HTML/mus/Museum stucco.jpg
2005.09.20 17:15 B C:\Documents and Settings\sam\Desktop\SI\website\mus\Museum\stucco2.jpg --> ftp-novell.si.umich.edu /STUDENTS/sharad/HTML/mus/Museum stucco2.jpg
2005.09.20 17:15 B C:\Documents and Settings\sam\Desktop\SI\website\mus\Museum\switchon.JPG --> ftp-novell.si.umich.edu /STUDENTS/sharad/HTML/mus/Museum switchon.JPG
2005.09.20 17:15 B C:\Documents and Settings\sam\Desktop\SI\website\mus\Museum\tabletex.jpg --> ftp-novell.si.umich.edu /STUDENTS/sharad/HTML/mus/Museum tabletex.jpg
2005.09.20 17:15 B C:\Documents and Settings\sam\Desktop\SI\website\mus\Museum\taillightleft.png --> ftp-novell.si.umich.edu /STUDENTS/sharad/HTML/mus/Museum taillightleft.png
2005.09.20 17:15 B C:\Documents and Settings\sam\Desktop\SI\website\mus\Museum\taillightright.png --> ftp-novell.si.umich.edu /STUDENTS/sharad/HTML/mus/Museum taillightright.png
2005.09.20 17:15 B C:\Documents and Settings\sam\Desktop\SI\website\mus\Museum\tex_009.jpg --> ftp-novell.si.umich.edu /STUDENTS/sharad/HTML/mus/Museum tex_009.jpg
2005.09.20 17:15 B C:\Documents and Settings\sam\Desktop\SI\website\mus\Museum\tex_0092.jpg --> ftp-novell.si.umich.edu /STUDENTS/sharad/HTML/mus/Museum tex_0092.jpg
2005.09.20 17:15 B C:\Documents and Settings\sam\Desktop\SI\website\mus\Museum\tex_010.jpg --> ftp-novell.si.umich.edu /STUDENTS/sharad/HTML/mus/Museum tex_010.jpg
2005.09.20 17:15 B C:\Documents and Settings\sam\Desktop\SI\website\mus\Museum\tex_015.jpg --> ftp-novell.si.umich.edu /STUDENTS/sharad/HTML/mus/Museum tex_015.jpg
2005.09.20 17:15 B C:\Documents and Settings\sam\Desktop\SI\website\mus\Museum\tex_019.jpg --> ftp-novell.si.umich.edu /STUDENTS/sharad/HTML/mus/Museum tex_019.jpg
2005.09.20 17:15 B C:\Documents and Settings\sam\Desktop\SI\website\mus\Museum\thread1.jpg --> ftp-novell.si.umich.edu /STUDENTS/sharad/HTML/mus/Museum thread1.jpg
2005.09.20 17:15 B C:\Documents and Settings\sam\Desktop\SI\website\mus\Museum\thread2.jpg --> ftp-novell.si.umich.edu /STUDENTS/sharad/HTML/mus/Museum thread2.jpg
2005.09.20 17:15 B C:\Documents and Settings\sam\Desktop\SI\website\mus\Museum\Thumbs.db --> ftp-novell.si.umich.edu /STUDENTS/sharad/HTML/mus/Museum Thumbs.db
2005.09.20 17:15 B C:\Documents and Settings\sam\Desktop\SI\website\mus\Museum\tile0011.jpg --> ftp-novell.si.umich.edu /STUDENTS/sharad/HTML/mus/Museum tile0011.jpg
2005.09.20 17:15 B C:\Documents and Settings\sam\Desktop\SI\website\mus\Museum\tile0011.png --> ftp-novell.si.umich.edu /STUDENTS/sharad/HTML/mus/Museum tile0011.png
2005.09.20 17:15 B C:\Documents and Settings\sam\Desktop\SI\website\mus\Museum\tile00110.png --> ftp-novell.si.umich.edu /STUDENTS/sharad/HTML/mus/Museum tile00110.png
2005.09.20 17:15 B C:\Documents and Settings\sam\Desktop\SI\website\mus\Museum\tile00112.jpg --> ftp-novell.si.umich.edu /STUDENTS/sharad/HTML/mus/Museum tile00112.jpg
2005.09.20 17:15 B C:\Documents and Settings\sam\Desktop\SI\website\mus\Museum\Tile10.jpg --> ftp-novell.si.umich.edu /STUDENTS/sharad/HTML/mus/Museum Tile10.jpg
2005.09.20 17:15 B C:\Documents and Settings\sam\Desktop\SI\website\mus\Museum\tile11.jpg --> ftp-novell.si.umich.edu /STUDENTS/sharad/HTML/mus/Museum tile11.jpg
2005.09.20 17:15 B C:\Documents and Settings\sam\Desktop\SI\website\mus\Museum\TinFoil.jpg --> ftp-novell.si.umich.edu /STUDENTS/sharad/HTML/mus/Museum TinFoil.jpg
2005.09.20 17:15 B C:\Documents and Settings\sam\Desktop\SI\website\mus\Museum\tiretn.jpg --> ftp-novell.si.umich.edu /STUDENTS/sharad/HTML/mus/Museum tiretn.jpg
2005.09.20 17:15 B C:\Documents and Settings\sam\Desktop\SI\website\mus\Museum\toolbox.jpg --> ftp-novell.si.umich.edu /STUDENTS/sharad/HTML/mus/Museum toolbox.jpg
2005.09.20 17:15 B C:\Documents and Settings\sam\Desktop\SI\website\mus\Museum\tyg.jpg --> ftp-novell.si.umich.edu /STUDENTS/sharad/HTML/mus/Museum tyg.jpg
2005.09.20 17:15 B C:\Documents and Settings\sam\Desktop\SI\website\mus\Museum\tyg1.jpg --> ftp-novell.si.umich.edu /STUDENTS/sharad/HTML/mus/Museum tyg1.jpg
2005.09.20 17:15 B C:\Documents and Settings\sam\Desktop\SI\website\mus\Museum\Under.jpg --> ftp-novell.si.umich.edu /STUDENTS/sharad/HTML/mus/Museum Under.jpg
2005.09.20 17:15 B C:\Documents and Settings\sam\Desktop\SI\website\mus\Museum\Under1.jpg --> ftp-novell.si.umich.edu /STUDENTS/sharad/HTML/mus/Museum Under1.jpg
2005.09.20 17:15 B C:\Documents and Settings\sam\Desktop\SI\website\mus\Museum\UnderHea.jpg --> ftp-novell.si.umich.edu /STUDENTS/sharad/HTML/mus/Museum UnderHea.jpg
2005.09.20 17:15 B C:\Documents and Settings\sam\Desktop\SI\website\mus\Museum\UnderHea1.jpg --> ftp-novell.si.umich.edu /STUDENTS/sharad/HTML/mus/Museum UnderHea1.jpg
2005.09.20 17:15 B C:\Documents and Settings\sam\Desktop\SI\website\mus\Museum\untitled.bmp --> ftp-novell.si.umich.edu /STUDENTS/sharad/HTML/mus/Museum untitled.bmp
2005.09.20 17:15 B C:\Documents and Settings\sam\Desktop\SI\website\mus\Museum\volk1.jpg --> ftp-novell.si.umich.edu /STUDENTS/sharad/HTML/mus/Museum volk1.jpg
2005.09.20 17:15 B C:\Documents and Settings\sam\Desktop\SI\website\mus\Museum\waffle.jpg --> ftp-novell.si.umich.edu /STUDENTS/sharad/HTML/mus/Museum waffle.jpg
2005.09.20 17:15 B C:\Documents and Settings\sam\Desktop\SI\website\mus\Museum\wheelbas.png --> ftp-novell.si.umich.edu /STUDENTS/sharad/HTML/mus/Museum wheelbas.png
2005.09.20 17:15 B C:\Documents and Settings\sam\Desktop\SI\website\mus\Museum\wheelbase2.png --> ftp-novell.si.umich.edu /STUDENTS/sharad/HTML/mus/Museum wheelbase2.png
2005.09.20 17:15 B C:\Documents and Settings\sam\Desktop\SI\website\mus\Museum\wheelbase3.png --> ftp-novell.si.umich.edu /STUDENTS/sharad/HTML/mus/Museum wheelbase3.png
2005.09.20 17:15 B C:\Documents and Settings\sam\Desktop\SI\website\mus\Museum\wheeltn.jpg --> ftp-novell.si.umich.edu /STUDENTS/sharad/HTML/mus/Museum wheeltn.jpg
2005.09.20 17:15 B C:\Documents and Settings\sam\Desktop\SI\website\mus\Museum\withalchol.jpg --> ftp-novell.si.umich.edu /STUDENTS/sharad/HTML/mus/Museum withalchol.jpg
2005.09.20 17:15 B C:\Documents and Settings\sam\Desktop\SI\website\mus\Museum\withoutalchol.jpg --> ftp-novell.si.umich.edu /STUDENTS/sharad/HTML/mus/Museum withoutalchol.jpg
2005.09.20 17:15 B C:\Documents and Settings\sam\Desktop\SI\website\mus\Museum\WS_FTP.LOG --> ftp-novell.si.umich.edu /STUDENTS/sharad/HTML/mus/Museum WS_FTP.LOG
